<?xml version="1.0" encoding="UTF-8"?>
<coverage generated="1673285483680" clover="3.2.0">
  <project timestamp="1673285483681" name="All files">
    <metrics statements="277" coveredstatements="270" conditionals="63" coveredconditionals="52" methods="42" coveredmethods="40" elements="382" coveredelements="362" complexity="0" loc="277" ncloc="277" packages="8" files="17" classes="17"/>
    <package name="16. Testing CRM App 3(7th Jan 2023)">
      <metrics statements="28" coveredstatements="25" conditionals="2" coveredconditionals="1" methods="5" coveredmethods="3"/>
      <file name="app.js" path="C:\Users\sonil\Anshul\Relevel\crm-app\crm-app\16. Testing CRM App 3(7th Jan 2023)\app.js">
        <metrics statements="28" coveredstatements="25" conditionals="2" coveredconditionals="1" methods="5" coveredmethods="3"/>
        <line num="1" count="3" type="stmt"/>
        <line num="2" count="3" type="stmt"/>
        <line num="3" count="3" type="stmt"/>
        <line num="4" count="3" type="stmt"/>
        <line num="5" count="3" type="stmt"/>
        <line num="6" count="3" type="stmt"/>
        <line num="7" count="3" type="stmt"/>
        <line num="8" count="3" type="stmt"/>
        <line num="10" count="3" type="stmt"/>
        <line num="12" count="3" type="cond" truecount="1" falsecount="1"/>
        <line num="13" count="0" type="stmt"/>
        <line num="14" count="0" type="stmt"/>
        <line num="17" count="3" type="stmt"/>
        <line num="18" count="3" type="stmt"/>
        <line num="26" count="3" type="stmt"/>
        <line num="28" count="0" type="stmt"/>
        <line num="32" count="3" type="stmt"/>
        <line num="33" count="3" type="stmt"/>
        <line num="35" count="3" type="stmt"/>
        <line num="36" count="3" type="stmt"/>
        <line num="37" count="3" type="stmt"/>
        <line num="38" count="3" type="stmt"/>
        <line num="39" count="3" type="stmt"/>
        <line num="42" count="3" type="stmt"/>
        <line num="43" count="3" type="stmt"/>
        <line num="44" count="3" type="stmt"/>
        <line num="46" count="3" type="stmt"/>
        <line num="48" count="3" type="stmt"/>
      </file>
    </package>
    <package name="16. Testing CRM App 3(7th Jan 2023).configs">
      <metrics statements="2" coveredstatements="2" conditionals="0" coveredconditionals="0" methods="0" coveredmethods="0"/>
      <file name="auth.config.js" path="C:\Users\sonil\Anshul\Relevel\crm-app\crm-app\16. Testing CRM App 3(7th Jan 2023)\configs\auth.config.js">
        <metrics statements="1" coveredstatements="1" conditionals="0" coveredconditionals="0" methods="0" coveredmethods="0"/>
        <line num="1" count="4" type="stmt"/>
      </file>
      <file name="db.config.js" path="C:\Users\sonil\Anshul\Relevel\crm-app\crm-app\16. Testing CRM App 3(7th Jan 2023)\configs\db.config.js">
        <metrics statements="1" coveredstatements="1" conditionals="0" coveredconditionals="0" methods="0" coveredmethods="0"/>
        <line num="1" count="3" type="stmt"/>
      </file>
    </package>
    <package name="16. Testing CRM App 3(7th Jan 2023).controllers">
      <metrics statements="150" coveredstatements="150" conditionals="49" coveredconditionals="43" methods="15" coveredmethods="15"/>
      <file name="auth.controller.js" path="C:\Users\sonil\Anshul\Relevel\crm-app\crm-app\16. Testing CRM App 3(7th Jan 2023)\controllers\auth.controller.js">
        <metrics statements="33" coveredstatements="33" conditionals="10" coveredconditionals="10" methods="2" coveredmethods="2"/>
        <line num="1" count="4" type="stmt"/>
        <line num="2" count="4" type="stmt"/>
        <line num="3" count="4" type="stmt"/>
        <line num="4" count="4" type="stmt"/>
        <line num="5" count="4" type="stmt"/>
        <line num="6" count="4" type="stmt"/>
        <line num="9" count="4" type="stmt"/>
        <line num="12" count="3" type="cond" truecount="4" falsecount="0"/>
        <line num="14" count="1" type="stmt"/>
        <line num="16" count="2" type="stmt"/>
        <line num="19" count="3" type="stmt"/>
        <line num="20" count="3" type="stmt"/>
        <line num="29" count="3" type="stmt"/>
        <line num="30" count="3" type="stmt"/>
        <line num="31" count="2" type="stmt"/>
        <line num="38" count="2" type="stmt"/>
        <line num="40" count="1" type="stmt"/>
        <line num="41" count="1" type="stmt"/>
        <line num="47" count="4" type="stmt"/>
        <line num="48" count="5" type="stmt"/>
        <line num="49" count="5" type="stmt"/>
        <line num="51" count="5" type="cond" truecount="2" falsecount="0"/>
        <line num="52" count="1" type="stmt"/>
        <line num="55" count="1" type="stmt"/>
        <line num="58" count="4" type="cond" truecount="2" falsecount="0"/>
        <line num="59" count="1" type="stmt"/>
        <line num="62" count="1" type="stmt"/>
        <line num="65" count="3" type="stmt"/>
        <line num="70" count="3" type="cond" truecount="2" falsecount="0"/>
        <line num="71" count="1" type="stmt"/>
        <line num="74" count="1" type="stmt"/>
        <line num="77" count="2" type="stmt"/>
        <line num="81" count="2" type="stmt"/>
      </file>
      <file name="ticket.controller.js" path="C:\Users\sonil\Anshul\Relevel\crm-app\crm-app\16. Testing CRM App 3(7th Jan 2023)\controllers\ticket.controller.js">
        <metrics statements="53" coveredstatements="53" conditionals="23" coveredconditionals="17" methods="5" coveredmethods="5"/>
        <line num="1" count="4" type="stmt"/>
        <line num="2" count="4" type="stmt"/>
        <line num="3" count="4" type="stmt"/>
        <line num="4" count="4" type="stmt"/>
        <line num="5" count="4" type="stmt"/>
        <line num="7" count="4" type="stmt"/>
        <line num="8" count="3" type="stmt"/>
        <line num="16" count="3" type="stmt"/>
        <line num="21" count="3" type="stmt"/>
        <line num="23" count="3" type="stmt"/>
        <line num="24" count="3" type="stmt"/>
        <line num="26" count="2" type="cond" truecount="1" falsecount="1"/>
        <line num="27" count="2" type="stmt"/>
        <line num="30" count="2" type="stmt"/>
        <line num="31" count="2" type="stmt"/>
        <line num="33" count="2" type="stmt"/>
        <line num="34" count="2" type="stmt"/>
        <line num="36" count="2" type="stmt"/>
        <line num="43" count="2" type="stmt"/>
        <line num="46" count="1" type="stmt"/>
        <line num="47" count="1" type="stmt"/>
        <line num="53" count="4" type="stmt"/>
        <line num="54" count="3" type="cond" truecount="3" falsecount="0"/>
        <line num="59" count="4" type="stmt"/>
        <line num="60" count="3" type="stmt"/>
        <line num="62" count="3" type="stmt"/>
        <line num="66" count="3" type="cond" truecount="2" falsecount="0"/>
        <line num="67" count="2" type="cond" truecount="1" falsecount="1"/>
        <line num="70" count="2" type="cond" truecount="1" falsecount="1"/>
        <line num="73" count="2" type="cond" truecount="1" falsecount="1"/>
        <line num="76" count="2" type="cond" truecount="1" falsecount="1"/>
        <line num="79" count="2" type="cond" truecount="1" falsecount="1"/>
        <line num="82" count="2" type="stmt"/>
        <line num="84" count="2" type="stmt"/>
        <line num="88" count="2" type="stmt"/>
        <line num="92" count="2" type="stmt"/>
        <line num="99" count="2" type="stmt"/>
        <line num="102" count="1" type="stmt"/>
        <line num="103" count="1" type="stmt"/>
        <line num="109" count="4" type="stmt"/>
        <line num="116" count="3" type="stmt"/>
        <line num="118" count="3" type="cond" truecount="2" falsecount="0"/>
        <line num="119" count="2" type="stmt"/>
        <line num="122" count="3" type="stmt"/>
        <line num="124" count="3" type="cond" truecount="2" falsecount="0"/>
        <line num="126" count="2" type="cond" truecount="2" falsecount="0"/>
        <line num="127" count="1" type="stmt"/>
        <line num="129" count="1" type="stmt"/>
        <line num="132" count="3" type="stmt"/>
        <line num="133" count="3" type="stmt"/>
        <line num="138" count="4" type="stmt"/>
        <line num="139" count="2" type="stmt"/>
        <line num="143" count="2" type="stmt"/>
      </file>
      <file name="user.controller.js" path="C:\Users\sonil\Anshul\Relevel\crm-app\crm-app\16. Testing CRM App 3(7th Jan 2023)\controllers\user.controller.js">
        <metrics statements="64" coveredstatements="64" conditionals="16" coveredconditionals="16" methods="8" coveredmethods="8"/>
        <line num="6" count="4" type="stmt"/>
        <line num="7" count="4" type="stmt"/>
        <line num="9" count="4" type="stmt"/>
        <line num="11" count="2" type="stmt"/>
        <line num="12" count="2" type="stmt"/>
        <line num="13" count="1" type="stmt"/>
        <line num="15" count="1" type="stmt"/>
        <line num="16" count="1" type="stmt"/>
        <line num="22" count="4" type="stmt"/>
        <line num="24" count="2" type="stmt"/>
        <line num="25" count="2" type="stmt"/>
        <line num="28" count="1" type="stmt"/>
        <line num="30" count="1" type="stmt"/>
        <line num="31" count="1" type="stmt"/>
        <line num="37" count="4" type="stmt"/>
        <line num="39" count="2" type="stmt"/>
        <line num="40" count="2" type="stmt"/>
        <line num="44" count="1" type="stmt"/>
        <line num="46" count="1" type="stmt"/>
        <line num="47" count="1" type="stmt"/>
        <line num="53" count="4" type="stmt"/>
        <line num="55" count="3" type="stmt"/>
        <line num="56" count="3" type="stmt"/>
        <line num="59" count="2" type="stmt"/>
        <line num="61" count="1" type="stmt"/>
        <line num="62" count="1" type="stmt"/>
        <line num="68" count="4" type="stmt"/>
        <line num="70" count="2" type="stmt"/>
        <line num="71" count="2" type="stmt"/>
        <line num="74" count="1" type="stmt"/>
        <line num="76" count="1" type="stmt"/>
        <line num="77" count="1" type="stmt"/>
        <line num="85" count="4" type="stmt"/>
        <line num="87" count="11" type="stmt"/>
        <line num="88" count="11" type="stmt"/>
        <line num="89" count="11" type="stmt"/>
        <line num="90" count="11" type="cond" truecount="2" falsecount="0"/>
        <line num="91" count="2" type="stmt"/>
        <line num="92" count="9" type="cond" truecount="4" falsecount="0"/>
        <line num="93" count="2" type="stmt"/>
        <line num="94" count="7" type="cond" truecount="2" falsecount="0"/>
        <line num="95" count="3" type="stmt"/>
        <line num="96" count="4" type="cond" truecount="2" falsecount="0"/>
        <line num="97" count="2" type="stmt"/>
        <line num="99" count="2" type="stmt"/>
        <line num="101" count="11" type="cond" truecount="2" falsecount="0"/>
        <line num="102" count="6" type="stmt"/>
        <line num="106" count="4" type="stmt"/>
        <line num="107" count="4" type="stmt"/>
        <line num="109" count="4" type="stmt"/>
        <line num="110" count="4" type="stmt"/>
        <line num="113" count="4" type="cond" truecount="2" falsecount="0"/>
        <line num="114" count="3" type="stmt"/>
        <line num="116" count="1" type="stmt"/>
        <line num="121" count="1" type="stmt"/>
        <line num="127" count="4" type="stmt"/>
        <line num="128" count="4" type="stmt"/>
        <line num="129" count="4" type="stmt"/>
        <line num="130" count="4" type="stmt"/>
        <line num="135" count="3" type="cond" truecount="2" falsecount="0"/>
        <line num="136" count="2" type="stmt"/>
        <line num="140" count="1" type="stmt"/>
        <line num="145" count="1" type="stmt"/>
        <line num="146" count="1" type="stmt"/>
      </file>
    </package>
    <package name="16. Testing CRM App 3(7th Jan 2023).middlewares">
      <metrics statements="20" coveredstatements="16" conditionals="8" coveredconditionals="5" methods="3" coveredmethods="3"/>
      <file name="authjwt.js" path="C:\Users\sonil\Anshul\Relevel\crm-app\crm-app\16. Testing CRM App 3(7th Jan 2023)\middlewares\authjwt.js">
        <metrics statements="20" coveredstatements="16" conditionals="8" coveredconditionals="5" methods="3" coveredmethods="3"/>
        <line num="1" count="3" type="stmt"/>
        <line num="2" count="3" type="stmt"/>
        <line num="3" count="3" type="stmt"/>
        <line num="4" count="3" type="stmt"/>
        <line num="6" count="3" type="stmt"/>
        <line num="8" count="7" type="stmt"/>
        <line num="10" count="7" type="cond" truecount="1" falsecount="1"/>
        <line num="11" count="0" type="stmt"/>
        <line num="16" count="7" type="stmt"/>
        <line num="18" count="7" type="cond" truecount="1" falsecount="1"/>
        <line num="19" count="0" type="stmt"/>
        <line num="23" count="7" type="stmt"/>
        <line num="24" count="7" type="stmt"/>
        <line num="29" count="3" type="stmt"/>
        <line num="30" count="3" type="stmt"/>
        <line num="34" count="3" type="cond" truecount="3" falsecount="1"/>
        <line num="35" count="3" type="stmt"/>
        <line num="37" count="0" type="stmt"/>
        <line num="40" count="0" type="stmt"/>
        <line num="44" count="3" type="stmt"/>
      </file>
    </package>
    <package name="16. Testing CRM App 3(7th Jan 2023).models">
      <metrics statements="11" coveredstatements="11" conditionals="0" coveredconditionals="0" methods="4" coveredmethods="4"/>
      <file name="ticket.model.js" path="C:\Users\sonil\Anshul\Relevel\crm-app\crm-app\16. Testing CRM App 3(7th Jan 2023)\models\ticket.model.js">
        <metrics statements="6" coveredstatements="6" conditionals="0" coveredconditionals="0" methods="2" coveredmethods="2"/>
        <line num="1" count="4" type="stmt"/>
        <line num="2" count="4" type="stmt"/>
        <line num="4" count="4" type="stmt"/>
        <line num="32" count="1" type="stmt"/>
        <line num="36" count="1" type="stmt"/>
        <line num="40" count="4" type="stmt"/>
      </file>
      <file name="user.model.js" path="C:\Users\sonil\Anshul\Relevel\crm-app\crm-app\16. Testing CRM App 3(7th Jan 2023)\models\user.model.js">
        <metrics statements="5" coveredstatements="5" conditionals="0" coveredconditionals="0" methods="2" coveredmethods="2"/>
        <line num="1" count="6" type="stmt"/>
        <line num="3" count="6" type="stmt"/>
        <line num="27" count="7" type="stmt"/>
        <line num="31" count="7" type="stmt"/>
        <line num="53" count="6" type="stmt"/>
      </file>
    </package>
    <package name="16. Testing CRM App 3(7th Jan 2023).routes">
      <metrics statements="17" coveredstatements="17" conditionals="0" coveredconditionals="0" methods="3" coveredmethods="3"/>
      <file name="auth.routes.js" path="C:\Users\sonil\Anshul\Relevel\crm-app\crm-app\16. Testing CRM App 3(7th Jan 2023)\routes\auth.routes.js">
        <metrics statements="4" coveredstatements="4" conditionals="0" coveredconditionals="0" methods="1" coveredmethods="1"/>
        <line num="1" count="3" type="stmt"/>
        <line num="3" count="3" type="stmt"/>
        <line num="5" count="3" type="stmt"/>
        <line num="7" count="3" type="stmt"/>
      </file>
      <file name="ticket.routes.js" path="C:\Users\sonil\Anshul\Relevel\crm-app\crm-app\16. Testing CRM App 3(7th Jan 2023)\routes\ticket.routes.js">
        <metrics statements="7" coveredstatements="7" conditionals="0" coveredconditionals="0" methods="1" coveredmethods="1"/>
        <line num="1" count="3" type="stmt"/>
        <line num="2" count="3" type="stmt"/>
        <line num="4" count="3" type="stmt"/>
        <line num="5" count="3" type="stmt"/>
        <line num="8" count="3" type="stmt"/>
        <line num="11" count="3" type="stmt"/>
        <line num="14" count="3" type="stmt"/>
      </file>
      <file name="user.routes.js" path="C:\Users\sonil\Anshul\Relevel\crm-app\crm-app\16. Testing CRM App 3(7th Jan 2023)\routes\user.routes.js">
        <metrics statements="6" coveredstatements="6" conditionals="0" coveredconditionals="0" methods="1" coveredmethods="1"/>
        <line num="1" count="3" type="stmt"/>
        <line num="2" count="3" type="stmt"/>
        <line num="4" count="3" type="stmt"/>
        <line num="5" count="3" type="stmt"/>
        <line num="8" count="3" type="stmt"/>
        <line num="12" count="3" type="stmt"/>
      </file>
    </package>
    <package name="16. Testing CRM App 3(7th Jan 2023).tests">
      <metrics statements="28" coveredstatements="28" conditionals="4" coveredconditionals="3" methods="5" coveredmethods="5"/>
      <file name="db.js" path="C:\Users\sonil\Anshul\Relevel\crm-app\crm-app\16. Testing CRM App 3(7th Jan 2023)\tests\db.js">
        <metrics statements="18" coveredstatements="18" conditionals="4" coveredconditionals="3" methods="3" coveredmethods="3"/>
        <line num="1" count="4" type="stmt"/>
        <line num="2" count="4" type="stmt"/>
        <line num="6" count="4" type="stmt"/>
        <line num="7" count="1" type="cond" truecount="1" falsecount="1"/>
        <line num="8" count="1" type="stmt"/>
        <line num="9" count="1" type="stmt"/>
        <line num="10" count="1" type="stmt"/>
        <line num="14" count="1" type="stmt"/>
        <line num="18" count="4" type="stmt"/>
        <line num="19" count="4" type="stmt"/>
        <line num="20" count="4" type="stmt"/>
        <line num="21" count="4" type="cond" truecount="2" falsecount="0"/>
        <line num="24" count="4" type="stmt"/>
        <line num="25" count="9" type="stmt"/>
        <line num="26" count="9" type="stmt"/>
        <line num="27" count="12" type="stmt"/>
        <line num="28" count="12" type="stmt"/>
        <line num="29" count="12" type="stmt"/>
      </file>
      <file name="interceptor.js" path="C:\Users\sonil\Anshul\Relevel\crm-app\crm-app\16. Testing CRM App 3(7th Jan 2023)\tests\interceptor.js">
        <metrics statements="10" coveredstatements="10" conditionals="0" coveredconditionals="0" methods="2" coveredmethods="2"/>
        <line num="1" count="3" type="stmt"/>
        <line num="3" count="29" type="stmt"/>
        <line num="4" count="29" type="stmt"/>
        <line num="5" count="29" type="stmt"/>
        <line num="6" count="29" type="stmt"/>
        <line num="9" count="29" type="stmt"/>
        <line num="10" count="29" type="stmt"/>
        <line num="11" count="29" type="stmt"/>
        <line num="12" count="29" type="stmt"/>
        <line num="13" count="29" type="stmt"/>
      </file>
    </package>
    <package name="16. Testing CRM App 3(7th Jan 2023).utils">
      <metrics statements="21" coveredstatements="21" conditionals="0" coveredconditionals="0" methods="7" coveredmethods="7"/>
      <file name="NotificationClient.js" path="C:\Users\sonil\Anshul\Relevel\crm-app\crm-app\16. Testing CRM App 3(7th Jan 2023)\utils\NotificationClient.js">
        <metrics statements="9" coveredstatements="9" conditionals="0" coveredconditionals="0" methods="2" coveredmethods="2"/>
        <line num="1" count="4" type="stmt"/>
        <line num="3" count="4" type="stmt"/>
        <line num="5" count="4" type="stmt"/>
        <line num="6" count="4" type="stmt"/>
        <line num="7" count="4" type="stmt"/>
        <line num="15" count="4" type="stmt"/>
        <line num="20" count="4" type="stmt"/>
        <line num="23" count="4" type="stmt"/>
        <line num="24" count="4" type="stmt"/>
      </file>
      <file name="constants.js" path="C:\Users\sonil\Anshul\Relevel\crm-app\crm-app\16. Testing CRM App 3(7th Jan 2023)\utils\constants.js">
        <metrics statements="1" coveredstatements="1" conditionals="0" coveredconditionals="0" methods="0" coveredmethods="0"/>
        <line num="1" count="5" type="stmt"/>
      </file>
      <file name="objectConverter.js" path="C:\Users\sonil\Anshul\Relevel\crm-app\crm-app\16. Testing CRM App 3(7th Jan 2023)\utils\objectConverter.js">
        <metrics statements="11" coveredstatements="11" conditionals="0" coveredconditionals="0" methods="5" coveredmethods="5"/>
        <line num="1" count="5" type="stmt"/>
        <line num="2" count="9" type="stmt"/>
        <line num="3" count="9" type="stmt"/>
        <line num="4" count="9" type="stmt"/>
        <line num="12" count="8" type="stmt"/>
        <line num="15" count="5" type="stmt"/>
        <line num="16" count="9" type="stmt"/>
        <line num="29" count="5" type="stmt"/>
        <line num="30" count="3" type="stmt"/>
        <line num="31" count="3" type="stmt"/>
        <line num="33" count="3" type="stmt"/>
      </file>
    </package>
  </project>
</coverage>
