{"C:\\Users\\sonil\\Anshul\\Relevel\\crm-app\\crm-app\\16. Testing CRM App 3(7th Jan 2023)\\app.js": {"path":"C:\\Users\\sonil\\Anshul\\Relevel\\crm-app\\crm-app\\16. Testing CRM App 3(7th Jan 2023)\\app.js","statementMap":{"0":{"start":{"line":1,"column":17},"end":{"line":1,"column":47}},"1":{"start":{"line":2,"column":17},"end":{"line":2,"column":36}},"2":{"start":{"line":3,"column":23},"end":{"line":3,"column":63}},"3":{"start":{"line":4,"column":16},"end":{"line":4,"column":34}},"4":{"start":{"line":5,"column":13},"end":{"line":5,"column":43}},"5":{"start":{"line":6,"column":12},"end":{"line":6,"column":21}},"6":{"start":{"line":7,"column":15},"end":{"line":7,"column":34}},"7":{"start":{"line":8,"column":18},"end":{"line":8,"column":46}},"8":{"start":{"line":10,"column":15},"end":{"line":10,"column":54}},"9":{"start":{"line":12,"column":4},"end":{"line":15,"column":5}},"10":{"start":{"line":13,"column":8},"end":{"line":13,"column":55}},"11":{"start":{"line":14,"column":8},"end":{"line":14,"column":14}},"12":{"start":{"line":17,"column":4},"end":{"line":29,"column":5}},"13":{"start":{"line":18,"column":19},"end":{"line":25,"column":10}},"14":{"start":{"line":26,"column":8},"end":{"line":26,"column":25}},"15":{"start":{"line":28,"column":8},"end":{"line":28,"column":32}},"16":{"start":{"line":32,"column":0},"end":{"line":32,"column":33}},"17":{"start":{"line":33,"column":0},"end":{"line":33,"column":23}},"18":{"start":{"line":35,"column":11},"end":{"line":35,"column":30}},"19":{"start":{"line":36,"column":0},"end":{"line":36,"column":56}},"20":{"start":{"line":36,"column":21},"end":{"line":36,"column":55}},"21":{"start":{"line":37,"column":0},"end":{"line":40,"column":2}},"22":{"start":{"line":38,"column":4},"end":{"line":38,"column":40}},"23":{"start":{"line":39,"column":4},"end":{"line":39,"column":10}},"24":{"start":{"line":42,"column":0},"end":{"line":42,"column":36}},"25":{"start":{"line":43,"column":0},"end":{"line":43,"column":36}},"26":{"start":{"line":44,"column":0},"end":{"line":44,"column":38}},"27":{"start":{"line":46,"column":0},"end":{"line":46,"column":42}},"28":{"start":{"line":46,"column":27},"end":{"line":46,"column":41}},"29":{"start":{"line":48,"column":0},"end":{"line":48,"column":83}},"30":{"start":{"line":48,"column":40},"end":{"line":48,"column":82}}},"fnMap":{"0":{"name":"init","decl":{"start":{"line":9,"column":15},"end":{"line":9,"column":19}},"loc":{"start":{"line":9,"column":22},"end":{"line":30,"column":1}},"line":9},"1":{"name":"(anonymous_1)","decl":{"start":{"line":36,"column":15},"end":{"line":36,"column":16}},"loc":{"start":{"line":36,"column":21},"end":{"line":36,"column":55}},"line":36},"2":{"name":"(anonymous_2)","decl":{"start":{"line":37,"column":16},"end":{"line":37,"column":17}},"loc":{"start":{"line":37,"column":22},"end":{"line":40,"column":1}},"line":37},"3":{"name":"(anonymous_3)","decl":{"start":{"line":46,"column":13},"end":{"line":46,"column":14}},"loc":{"start":{"line":46,"column":27},"end":{"line":46,"column":41}},"line":46},"4":{"name":"(anonymous_4)","decl":{"start":{"line":48,"column":34},"end":{"line":48,"column":35}},"loc":{"start":{"line":48,"column":40},"end":{"line":48,"column":82}},"line":48}},"branchMap":{"0":{"loc":{"start":{"line":12,"column":4},"end":{"line":15,"column":5}},"type":"if","locations":[{"start":{"line":12,"column":4},"end":{"line":15,"column":5}},{"start":{},"end":{}}],"line":12}},"s":{"0":3,"1":3,"2":3,"3":3,"4":3,"5":3,"6":3,"7":3,"8":3,"9":3,"10":0,"11":0,"12":3,"13":3,"14":3,"15":0,"16":3,"17":3,"18":3,"19":3,"20":0,"21":3,"22":3,"23":3,"24":3,"25":3,"26":3,"27":3,"28":0,"29":3,"30":3},"f":{"0":3,"1":0,"2":3,"3":0,"4":3},"b":{"0":[0,3]},"_coverageSchema":"1a1c01bbd47fc00a2c39e90264f33305004495a9","hash":"c7c25f0202bd7e4538435e7c559e45d87499b581"}
,"C:\\Users\\sonil\\Anshul\\Relevel\\crm-app\\crm-app\\16. Testing CRM App 3(7th Jan 2023)\\configs\\auth.config.js": {"path":"C:\\Users\\sonil\\Anshul\\Relevel\\crm-app\\crm-app\\16. Testing CRM App 3(7th Jan 2023)\\configs\\auth.config.js","statementMap":{"0":{"start":{"line":1,"column":0},"end":{"line":3,"column":1}}},"fnMap":{},"branchMap":{},"s":{"0":4},"f":{},"b":{},"_coverageSchema":"1a1c01bbd47fc00a2c39e90264f33305004495a9","hash":"3cc1176309c786baac052e435fa47f33e7d27be6"}
,"C:\\Users\\sonil\\Anshul\\Relevel\\crm-app\\crm-app\\16. Testing CRM App 3(7th Jan 2023)\\configs\\db.config.js": {"path":"C:\\Users\\sonil\\Anshul\\Relevel\\crm-app\\crm-app\\16. Testing CRM App 3(7th Jan 2023)\\configs\\db.config.js","statementMap":{"0":{"start":{"line":1,"column":0},"end":{"line":4,"column":1}}},"fnMap":{},"branchMap":{},"s":{"0":3},"f":{},"b":{},"_coverageSchema":"1a1c01bbd47fc00a2c39e90264f33305004495a9","hash":"d0afd37bb4c4310233087c7850cf31d461fcf399"}
,"C:\\Users\\sonil\\Anshul\\Relevel\\crm-app\\crm-app\\16. Testing CRM App 3(7th Jan 2023)\\controllers\\auth.controller.js": {"path":"C:\\Users\\sonil\\Anshul\\Relevel\\crm-app\\crm-app\\16. Testing CRM App 3(7th Jan 2023)\\controllers\\auth.controller.js","statementMap":{"0":{"start":{"line":1,"column":13},"end":{"line":1,"column":44}},"1":{"start":{"line":2,"column":22},"end":{"line":2,"column":51}},"2":{"start":{"line":3,"column":18},"end":{"line":3,"column":47}},"3":{"start":{"line":4,"column":15},"end":{"line":4,"column":34}},"4":{"start":{"line":5,"column":12},"end":{"line":5,"column":35}},"5":{"start":{"line":6,"column":15},"end":{"line":6,"column":48}},"6":{"start":{"line":9,"column":0},"end":{"line":45,"column":1}},"7":{"start":{"line":12,"column":4},"end":{"line":17,"column":5}},"8":{"start":{"line":14,"column":8},"end":{"line":14,"column":49}},"9":{"start":{"line":16,"column":8},"end":{"line":16,"column":50}},"10":{"start":{"line":19,"column":4},"end":{"line":19,"column":20}},"11":{"start":{"line":20,"column":20},"end":{"line":27,"column":5}},"12":{"start":{"line":29,"column":4},"end":{"line":44,"column":5}},"13":{"start":{"line":30,"column":28},"end":{"line":30,"column":54}},"14":{"start":{"line":31,"column":28},"end":{"line":37,"column":9}},"15":{"start":{"line":38,"column":8},"end":{"line":38,"column":41}},"16":{"start":{"line":40,"column":8},"end":{"line":40,"column":75}},"17":{"start":{"line":41,"column":8},"end":{"line":43,"column":10}},"18":{"start":{"line":47,"column":0},"end":{"line":89,"column":1}},"19":{"start":{"line":48,"column":17},"end":{"line":48,"column":64}},"20":{"start":{"line":49,"column":4},"end":{"line":49,"column":44}},"21":{"start":{"line":51,"column":4},"end":{"line":56,"column":5}},"22":{"start":{"line":52,"column":8},"end":{"line":54,"column":10}},"23":{"start":{"line":55,"column":8},"end":{"line":55,"column":14}},"24":{"start":{"line":58,"column":4},"end":{"line":63,"column":5}},"25":{"start":{"line":59,"column":8},"end":{"line":61,"column":10}},"26":{"start":{"line":62,"column":8},"end":{"line":62,"column":14}},"27":{"start":{"line":65,"column":26},"end":{"line":68,"column":5}},"28":{"start":{"line":70,"column":4},"end":{"line":75,"column":5}},"29":{"start":{"line":71,"column":8},"end":{"line":73,"column":10}},"30":{"start":{"line":74,"column":8},"end":{"line":74,"column":14}},"31":{"start":{"line":77,"column":16},"end":{"line":79,"column":6}},"32":{"start":{"line":81,"column":4},"end":{"line":88,"column":6}}},"fnMap":{"0":{"name":"(anonymous_0)","decl":{"start":{"line":9,"column":17},"end":{"line":9,"column":18}},"loc":{"start":{"line":9,"column":37},"end":{"line":45,"column":1}},"line":9},"1":{"name":"(anonymous_1)","decl":{"start":{"line":47,"column":17},"end":{"line":47,"column":18}},"loc":{"start":{"line":47,"column":37},"end":{"line":89,"column":1}},"line":47}},"branchMap":{"0":{"loc":{"start":{"line":12,"column":4},"end":{"line":17,"column":5}},"type":"if","locations":[{"start":{"line":12,"column":4},"end":{"line":17,"column":5}},{"start":{"line":15,"column":11},"end":{"line":17,"column":5}}],"line":12},"1":{"loc":{"start":{"line":12,"column":8},"end":{"line":13,"column":44}},"type":"binary-expr","locations":[{"start":{"line":12,"column":8},"end":{"line":12,"column":47}},{"start":{"line":13,"column":8},"end":{"line":13,"column":44}}],"line":12},"2":{"loc":{"start":{"line":51,"column":4},"end":{"line":56,"column":5}},"type":"if","locations":[{"start":{"line":51,"column":4},"end":{"line":56,"column":5}},{"start":{},"end":{}}],"line":51},"3":{"loc":{"start":{"line":58,"column":4},"end":{"line":63,"column":5}},"type":"if","locations":[{"start":{"line":58,"column":4},"end":{"line":63,"column":5}},{"start":{},"end":{}}],"line":58},"4":{"loc":{"start":{"line":70,"column":4},"end":{"line":75,"column":5}},"type":"if","locations":[{"start":{"line":70,"column":4},"end":{"line":75,"column":5}},{"start":{},"end":{}}],"line":70}},"s":{"0":4,"1":4,"2":4,"3":4,"4":4,"5":4,"6":4,"7":3,"8":1,"9":2,"10":3,"11":3,"12":3,"13":3,"14":2,"15":2,"16":1,"17":1,"18":4,"19":5,"20":5,"21":5,"22":1,"23":1,"24":4,"25":1,"26":1,"27":3,"28":3,"29":1,"30":1,"31":2,"32":2},"f":{"0":3,"1":5},"b":{"0":[1,2],"1":[3,2],"2":[1,4],"3":[1,3],"4":[1,2]},"_coverageSchema":"1a1c01bbd47fc00a2c39e90264f33305004495a9","hash":"cbf62f6e1754d99f1b555bb099101b1c7f8c9996"}
,"C:\\Users\\sonil\\Anshul\\Relevel\\crm-app\\crm-app\\16. Testing CRM App 3(7th Jan 2023)\\controllers\\ticket.controller.js": {"path":"C:\\Users\\sonil\\Anshul\\Relevel\\crm-app\\crm-app\\16. Testing CRM App 3(7th Jan 2023)\\controllers\\ticket.controller.js","statementMap":{"0":{"start":{"line":1,"column":13},"end":{"line":1,"column":44}},"1":{"start":{"line":2,"column":15},"end":{"line":2,"column":48}},"2":{"start":{"line":3,"column":18},"end":{"line":3,"column":47}},"3":{"start":{"line":4,"column":24},"end":{"line":4,"column":59}},"4":{"start":{"line":5,"column":18},"end":{"line":5,"column":66}},"5":{"start":{"line":7,"column":0},"end":{"line":51,"column":1}},"6":{"start":{"line":8,"column":25},"end":{"line":14,"column":5}},"7":{"start":{"line":16,"column":21},"end":{"line":19,"column":6}},"8":{"start":{"line":21,"column":4},"end":{"line":21,"column":43}},"9":{"start":{"line":23,"column":4},"end":{"line":50,"column":5}},"10":{"start":{"line":24,"column":23},"end":{"line":24,"column":56}},"11":{"start":{"line":26,"column":8},"end":{"line":44,"column":9}},"12":{"start":{"line":27,"column":25},"end":{"line":29,"column":14}},"13":{"start":{"line":30,"column":12},"end":{"line":30,"column":48}},"14":{"start":{"line":31,"column":12},"end":{"line":31,"column":29}},"15":{"start":{"line":33,"column":12},"end":{"line":33,"column":53}},"16":{"start":{"line":34,"column":12},"end":{"line":34,"column":33}},"17":{"start":{"line":36,"column":12},"end":{"line":41,"column":13}},"18":{"start":{"line":43,"column":12},"end":{"line":43,"column":72}},"19":{"start":{"line":46,"column":8},"end":{"line":46,"column":77}},"20":{"start":{"line":47,"column":8},"end":{"line":49,"column":10}},"21":{"start":{"line":53,"column":18},"end":{"line":57,"column":1}},"22":{"start":{"line":54,"column":4},"end":{"line":56,"column":50}},"23":{"start":{"line":59,"column":0},"end":{"line":107,"column":1}},"24":{"start":{"line":60,"column":19},"end":{"line":60,"column":63}},"25":{"start":{"line":62,"column":22},"end":{"line":64,"column":6}},"26":{"start":{"line":66,"column":4},"end":{"line":106,"column":5}},"27":{"start":{"line":67,"column":8},"end":{"line":69,"column":26}},"28":{"start":{"line":70,"column":8},"end":{"line":72,"column":32}},"29":{"start":{"line":73,"column":8},"end":{"line":75,"column":35}},"30":{"start":{"line":76,"column":8},"end":{"line":78,"column":27}},"31":{"start":{"line":79,"column":8},"end":{"line":81,"column":29}},"32":{"start":{"line":82,"column":8},"end":{"line":82,"column":27}},"33":{"start":{"line":84,"column":25},"end":{"line":86,"column":10}},"34":{"start":{"line":88,"column":25},"end":{"line":90,"column":10}},"35":{"start":{"line":92,"column":8},"end":{"line":97,"column":9}},"36":{"start":{"line":99,"column":8},"end":{"line":99,"column":68}},"37":{"start":{"line":102,"column":8},"end":{"line":102,"column":90}},"38":{"start":{"line":103,"column":8},"end":{"line":105,"column":10}},"39":{"start":{"line":109,"column":0},"end":{"line":134,"column":1}},"40":{"start":{"line":116,"column":21},"end":{"line":116,"column":23}},"41":{"start":{"line":118,"column":4},"end":{"line":120,"column":5}},"42":{"start":{"line":119,"column":8},"end":{"line":119,"column":42}},"43":{"start":{"line":122,"column":22},"end":{"line":122,"column":69}},"44":{"start":{"line":124,"column":4},"end":{"line":130,"column":5}},"45":{"start":{"line":126,"column":11},"end":{"line":130,"column":5}},"46":{"start":{"line":127,"column":8},"end":{"line":127,"column":44}},"47":{"start":{"line":129,"column":8},"end":{"line":129,"column":44}},"48":{"start":{"line":132,"column":20},"end":{"line":132,"column":47}},"49":{"start":{"line":133,"column":4},"end":{"line":133,"column":69}},"50":{"start":{"line":138,"column":0},"end":{"line":144,"column":1}},"51":{"start":{"line":139,"column":19},"end":{"line":141,"column":6}},"52":{"start":{"line":143,"column":4},"end":{"line":143,"column":64}}},"fnMap":{"0":{"name":"(anonymous_0)","decl":{"start":{"line":7,"column":23},"end":{"line":7,"column":24}},"loc":{"start":{"line":7,"column":43},"end":{"line":51,"column":1}},"line":7},"1":{"name":"(anonymous_1)","decl":{"start":{"line":53,"column":18},"end":{"line":53,"column":19}},"loc":{"start":{"line":53,"column":36},"end":{"line":57,"column":1}},"line":53},"2":{"name":"(anonymous_2)","decl":{"start":{"line":59,"column":23},"end":{"line":59,"column":24}},"loc":{"start":{"line":59,"column":43},"end":{"line":107,"column":1}},"line":59},"3":{"name":"(anonymous_3)","decl":{"start":{"line":109,"column":24},"end":{"line":109,"column":25}},"loc":{"start":{"line":109,"column":44},"end":{"line":134,"column":1}},"line":109},"4":{"name":"(anonymous_4)","decl":{"start":{"line":138,"column":23},"end":{"line":138,"column":24}},"loc":{"start":{"line":138,"column":43},"end":{"line":144,"column":1}},"line":138}},"branchMap":{"0":{"loc":{"start":{"line":26,"column":8},"end":{"line":44,"column":9}},"type":"if","locations":[{"start":{"line":26,"column":8},"end":{"line":44,"column":9}},{"start":{},"end":{}}],"line":26},"1":{"loc":{"start":{"line":54,"column":11},"end":{"line":56,"column":50}},"type":"binary-expr","locations":[{"start":{"line":54,"column":11},"end":{"line":54,"column":41}},{"start":{"line":55,"column":8},"end":{"line":55,"column":38}},{"start":{"line":56,"column":8},"end":{"line":56,"column":50}}],"line":54},"2":{"loc":{"start":{"line":66,"column":4},"end":{"line":106,"column":5}},"type":"if","locations":[{"start":{"line":66,"column":4},"end":{"line":106,"column":5}},{"start":{"line":101,"column":11},"end":{"line":106,"column":5}}],"line":66},"3":{"loc":{"start":{"line":67,"column":23},"end":{"line":69,"column":26}},"type":"cond-expr","locations":[{"start":{"line":68,"column":14},"end":{"line":68,"column":28}},{"start":{"line":69,"column":14},"end":{"line":69,"column":26}}],"line":67},"4":{"loc":{"start":{"line":70,"column":29},"end":{"line":72,"column":32}},"type":"cond-expr","locations":[{"start":{"line":71,"column":14},"end":{"line":71,"column":34}},{"start":{"line":72,"column":14},"end":{"line":72,"column":32}}],"line":70},"5":{"loc":{"start":{"line":73,"column":32},"end":{"line":75,"column":35}},"type":"cond-expr","locations":[{"start":{"line":74,"column":14},"end":{"line":74,"column":37}},{"start":{"line":75,"column":14},"end":{"line":75,"column":35}}],"line":73},"6":{"loc":{"start":{"line":76,"column":24},"end":{"line":78,"column":27}},"type":"cond-expr","locations":[{"start":{"line":77,"column":14},"end":{"line":77,"column":29}},{"start":{"line":78,"column":14},"end":{"line":78,"column":27}}],"line":76},"7":{"loc":{"start":{"line":79,"column":26},"end":{"line":81,"column":29}},"type":"cond-expr","locations":[{"start":{"line":80,"column":14},"end":{"line":80,"column":31}},{"start":{"line":81,"column":14},"end":{"line":81,"column":29}}],"line":79},"8":{"loc":{"start":{"line":118,"column":4},"end":{"line":120,"column":5}},"type":"if","locations":[{"start":{"line":118,"column":4},"end":{"line":120,"column":5}},{"start":{},"end":{}}],"line":118},"9":{"loc":{"start":{"line":124,"column":4},"end":{"line":130,"column":5}},"type":"if","locations":[{"start":{"line":124,"column":4},"end":{"line":130,"column":5}},{"start":{"line":126,"column":11},"end":{"line":130,"column":5}}],"line":124},"10":{"loc":{"start":{"line":126,"column":11},"end":{"line":130,"column":5}},"type":"if","locations":[{"start":{"line":126,"column":11},"end":{"line":130,"column":5}},{"start":{"line":128,"column":11},"end":{"line":130,"column":5}}],"line":126}},"s":{"0":4,"1":4,"2":4,"3":4,"4":4,"5":4,"6":3,"7":3,"8":3,"9":3,"10":3,"11":2,"12":2,"13":2,"14":2,"15":2,"16":2,"17":2,"18":2,"19":1,"20":1,"21":4,"22":3,"23":4,"24":3,"25":3,"26":3,"27":2,"28":2,"29":2,"30":2,"31":2,"32":2,"33":2,"34":2,"35":2,"36":2,"37":1,"38":1,"39":4,"40":3,"41":3,"42":2,"43":3,"44":3,"45":2,"46":1,"47":1,"48":3,"49":3,"50":4,"51":2,"52":2},"f":{"0":3,"1":3,"2":3,"3":3,"4":2},"b":{"0":[2,0],"1":[3,1,1],"2":[2,1],"3":[2,0],"4":[2,0],"5":[2,0],"6":[2,0],"7":[2,0],"8":[2,1],"9":[1,2],"10":[1,1]},"_coverageSchema":"1a1c01bbd47fc00a2c39e90264f33305004495a9","hash":"6aaaf01d2f4acc42e117816bcaee9d7556aeb07c"}
,"C:\\Users\\sonil\\Anshul\\Relevel\\crm-app\\crm-app\\16. Testing CRM App 3(7th Jan 2023)\\controllers\\user.controller.js": {"path":"C:\\Users\\sonil\\Anshul\\Relevel\\crm-app\\crm-app\\16. Testing CRM App 3(7th Jan 2023)\\controllers\\user.controller.js","statementMap":{"0":{"start":{"line":6,"column":13},"end":{"line":6,"column":44}},"1":{"start":{"line":7,"column":24},"end":{"line":7,"column":59}},"2":{"start":{"line":9,"column":17},"end":{"line":20,"column":1}},"3":{"start":{"line":11,"column":4},"end":{"line":19,"column":5}},"4":{"start":{"line":12,"column":8},"end":{"line":12,"column":33}},"5":{"start":{"line":13,"column":8},"end":{"line":13,"column":20}},"6":{"start":{"line":15,"column":8},"end":{"line":15,"column":53}},"7":{"start":{"line":16,"column":8},"end":{"line":18,"column":10}},"8":{"start":{"line":22,"column":20},"end":{"line":35,"column":1}},"9":{"start":{"line":24,"column":4},"end":{"line":34,"column":5}},"10":{"start":{"line":25,"column":8},"end":{"line":27,"column":11}},"11":{"start":{"line":28,"column":8},"end":{"line":28,"column":20}},"12":{"start":{"line":30,"column":8},"end":{"line":30,"column":82}},"13":{"start":{"line":31,"column":8},"end":{"line":33,"column":10}},"14":{"start":{"line":37,"column":29},"end":{"line":51,"column":1}},"15":{"start":{"line":39,"column":4},"end":{"line":50,"column":5}},"16":{"start":{"line":40,"column":8},"end":{"line":43,"column":11}},"17":{"start":{"line":44,"column":8},"end":{"line":44,"column":20}},"18":{"start":{"line":46,"column":8},"end":{"line":46,"column":117}},"19":{"start":{"line":47,"column":8},"end":{"line":49,"column":10}},"20":{"start":{"line":53,"column":20},"end":{"line":66,"column":1}},"21":{"start":{"line":55,"column":4},"end":{"line":65,"column":5}},"22":{"start":{"line":56,"column":8},"end":{"line":58,"column":11}},"23":{"start":{"line":59,"column":8},"end":{"line":59,"column":20}},"24":{"start":{"line":61,"column":8},"end":{"line":61,"column":84}},"25":{"start":{"line":62,"column":8},"end":{"line":64,"column":10}},"26":{"start":{"line":68,"column":22},"end":{"line":81,"column":1}},"27":{"start":{"line":70,"column":4},"end":{"line":80,"column":5}},"28":{"start":{"line":71,"column":8},"end":{"line":73,"column":11}},"29":{"start":{"line":74,"column":8},"end":{"line":74,"column":20}},"30":{"start":{"line":76,"column":8},"end":{"line":76,"column":88}},"31":{"start":{"line":77,"column":8},"end":{"line":79,"column":10}},"32":{"start":{"line":85,"column":0},"end":{"line":104,"column":1}},"33":{"start":{"line":87,"column":22},"end":{"line":87,"column":40}},"34":{"start":{"line":88,"column":24},"end":{"line":88,"column":44}},"35":{"start":{"line":89,"column":22},"end":{"line":89,"column":36}},"36":{"start":{"line":90,"column":4},"end":{"line":100,"column":5}},"37":{"start":{"line":91,"column":8},"end":{"line":91,"column":51}},"38":{"start":{"line":92,"column":11},"end":{"line":100,"column":5}},"39":{"start":{"line":93,"column":8},"end":{"line":93,"column":75}},"40":{"start":{"line":94,"column":11},"end":{"line":100,"column":5}},"41":{"start":{"line":95,"column":8},"end":{"line":95,"column":51}},"42":{"start":{"line":96,"column":11},"end":{"line":100,"column":5}},"43":{"start":{"line":97,"column":8},"end":{"line":97,"column":55}},"44":{"start":{"line":99,"column":8},"end":{"line":99,"column":35}},"45":{"start":{"line":101,"column":4},"end":{"line":103,"column":5}},"46":{"start":{"line":102,"column":8},"end":{"line":102,"column":65}},"47":{"start":{"line":106,"column":0},"end":{"line":125,"column":1}},"48":{"start":{"line":107,"column":22},"end":{"line":107,"column":39}},"49":{"start":{"line":109,"column":4},"end":{"line":124,"column":5}},"50":{"start":{"line":110,"column":8},"end":{"line":112,"column":10}},"51":{"start":{"line":113,"column":8},"end":{"line":119,"column":9}},"52":{"start":{"line":114,"column":12},"end":{"line":114,"column":68}},"53":{"start":{"line":116,"column":12},"end":{"line":118,"column":14}},"54":{"start":{"line":121,"column":8},"end":{"line":123,"column":10}},"55":{"start":{"line":127,"column":0},"end":{"line":150,"column":1}},"56":{"start":{"line":128,"column":22},"end":{"line":128,"column":39}},"57":{"start":{"line":129,"column":4},"end":{"line":149,"column":5}},"58":{"start":{"line":130,"column":21},"end":{"line":134,"column":17}},"59":{"start":{"line":135,"column":8},"end":{"line":143,"column":9}},"60":{"start":{"line":136,"column":12},"end":{"line":138,"column":14}},"61":{"start":{"line":140,"column":12},"end":{"line":142,"column":14}},"62":{"start":{"line":145,"column":8},"end":{"line":145,"column":67}},"63":{"start":{"line":146,"column":8},"end":{"line":148,"column":10}}},"fnMap":{"0":{"name":"(anonymous_0)","decl":{"start":{"line":9,"column":17},"end":{"line":9,"column":18}},"loc":{"start":{"line":9,"column":32},"end":{"line":20,"column":1}},"line":9},"1":{"name":"(anonymous_1)","decl":{"start":{"line":22,"column":20},"end":{"line":22,"column":21}},"loc":{"start":{"line":22,"column":48},"end":{"line":35,"column":1}},"line":22},"2":{"name":"(anonymous_2)","decl":{"start":{"line":37,"column":29},"end":{"line":37,"column":30}},"loc":{"start":{"line":37,"column":72},"end":{"line":51,"column":1}},"line":37},"3":{"name":"(anonymous_3)","decl":{"start":{"line":53,"column":20},"end":{"line":53,"column":21}},"loc":{"start":{"line":53,"column":48},"end":{"line":66,"column":1}},"line":53},"4":{"name":"(anonymous_4)","decl":{"start":{"line":68,"column":22},"end":{"line":68,"column":23}},"loc":{"start":{"line":68,"column":52},"end":{"line":81,"column":1}},"line":68},"5":{"name":"(anonymous_5)","decl":{"start":{"line":85,"column":18},"end":{"line":85,"column":19}},"loc":{"start":{"line":85,"column":38},"end":{"line":104,"column":1}},"line":85},"6":{"name":"(anonymous_6)","decl":{"start":{"line":106,"column":19},"end":{"line":106,"column":20}},"loc":{"start":{"line":106,"column":39},"end":{"line":125,"column":1}},"line":106},"7":{"name":"(anonymous_7)","decl":{"start":{"line":127,"column":17},"end":{"line":127,"column":18}},"loc":{"start":{"line":127,"column":37},"end":{"line":150,"column":1}},"line":127}},"branchMap":{"0":{"loc":{"start":{"line":90,"column":4},"end":{"line":100,"column":5}},"type":"if","locations":[{"start":{"line":90,"column":4},"end":{"line":100,"column":5}},{"start":{"line":92,"column":11},"end":{"line":100,"column":5}}],"line":90},"1":{"loc":{"start":{"line":92,"column":11},"end":{"line":100,"column":5}},"type":"if","locations":[{"start":{"line":92,"column":11},"end":{"line":100,"column":5}},{"start":{"line":94,"column":11},"end":{"line":100,"column":5}}],"line":92},"2":{"loc":{"start":{"line":92,"column":15},"end":{"line":92,"column":43}},"type":"binary-expr","locations":[{"start":{"line":92,"column":15},"end":{"line":92,"column":26}},{"start":{"line":92,"column":30},"end":{"line":92,"column":43}}],"line":92},"3":{"loc":{"start":{"line":94,"column":11},"end":{"line":100,"column":5}},"type":"if","locations":[{"start":{"line":94,"column":11},"end":{"line":100,"column":5}},{"start":{"line":96,"column":11},"end":{"line":100,"column":5}}],"line":94},"4":{"loc":{"start":{"line":96,"column":11},"end":{"line":100,"column":5}},"type":"if","locations":[{"start":{"line":96,"column":11},"end":{"line":100,"column":5}},{"start":{"line":98,"column":11},"end":{"line":100,"column":5}}],"line":96},"5":{"loc":{"start":{"line":101,"column":4},"end":{"line":103,"column":5}},"type":"if","locations":[{"start":{"line":101,"column":4},"end":{"line":103,"column":5}},{"start":{},"end":{}}],"line":101},"6":{"loc":{"start":{"line":113,"column":8},"end":{"line":119,"column":9}},"type":"if","locations":[{"start":{"line":113,"column":8},"end":{"line":119,"column":9}},{"start":{"line":115,"column":15},"end":{"line":119,"column":9}}],"line":113},"7":{"loc":{"start":{"line":135,"column":8},"end":{"line":143,"column":9}},"type":"if","locations":[{"start":{"line":135,"column":8},"end":{"line":143,"column":9}},{"start":{"line":139,"column":15},"end":{"line":143,"column":9}}],"line":135}},"s":{"0":4,"1":4,"2":4,"3":2,"4":2,"5":1,"6":1,"7":1,"8":4,"9":2,"10":2,"11":1,"12":1,"13":1,"14":4,"15":2,"16":2,"17":1,"18":1,"19":1,"20":4,"21":3,"22":3,"23":2,"24":1,"25":1,"26":4,"27":2,"28":2,"29":1,"30":1,"31":1,"32":4,"33":11,"34":11,"35":11,"36":11,"37":2,"38":9,"39":2,"40":7,"41":3,"42":4,"43":2,"44":2,"45":11,"46":6,"47":4,"48":4,"49":4,"50":4,"51":4,"52":3,"53":1,"54":1,"55":4,"56":4,"57":4,"58":4,"59":3,"60":2,"61":1,"62":1,"63":1},"f":{"0":2,"1":2,"2":2,"3":3,"4":2,"5":11,"6":4,"7":4},"b":{"0":[2,9],"1":[2,7],"2":[9,5],"3":[3,4],"4":[2,2],"5":[6,5],"6":[3,1],"7":[2,1]},"_coverageSchema":"1a1c01bbd47fc00a2c39e90264f33305004495a9","hash":"ca46f8f224833a81eefd905f1ec740561f569839"}
,"C:\\Users\\sonil\\Anshul\\Relevel\\crm-app\\crm-app\\16. Testing CRM App 3(7th Jan 2023)\\middlewares\\authjwt.js": {"path":"C:\\Users\\sonil\\Anshul\\Relevel\\crm-app\\crm-app\\16. Testing CRM App 3(7th Jan 2023)\\middlewares\\authjwt.js","statementMap":{"0":{"start":{"line":1,"column":12},"end":{"line":1,"column":35}},"1":{"start":{"line":2,"column":19},"end":{"line":2,"column":52}},"2":{"start":{"line":3,"column":18},"end":{"line":3,"column":47}},"3":{"start":{"line":4,"column":13},"end":{"line":4,"column":44}},"4":{"start":{"line":6,"column":20},"end":{"line":27,"column":1}},"5":{"start":{"line":8,"column":16},"end":{"line":8,"column":45}},"6":{"start":{"line":10,"column":4},"end":{"line":14,"column":5}},"7":{"start":{"line":11,"column":8},"end":{"line":13,"column":10}},"8":{"start":{"line":16,"column":4},"end":{"line":25,"column":10}},"9":{"start":{"line":18,"column":12},"end":{"line":22,"column":13}},"10":{"start":{"line":19,"column":16},"end":{"line":21,"column":18}},"11":{"start":{"line":23,"column":12},"end":{"line":23,"column":44}},"12":{"start":{"line":24,"column":12},"end":{"line":24,"column":18}},"13":{"start":{"line":29,"column":16},"end":{"line":42,"column":1}},"14":{"start":{"line":30,"column":17},"end":{"line":32,"column":6}},"15":{"start":{"line":34,"column":4},"end":{"line":41,"column":5}},"16":{"start":{"line":35,"column":8},"end":{"line":35,"column":15}},"17":{"start":{"line":37,"column":8},"end":{"line":39,"column":10}},"18":{"start":{"line":40,"column":8},"end":{"line":40,"column":15}},"19":{"start":{"line":44,"column":0},"end":{"line":47,"column":1}}},"fnMap":{"0":{"name":"(anonymous_0)","decl":{"start":{"line":6,"column":20},"end":{"line":6,"column":21}},"loc":{"start":{"line":6,"column":40},"end":{"line":27,"column":1}},"line":6},"1":{"name":"(anonymous_1)","decl":{"start":{"line":17,"column":8},"end":{"line":17,"column":9}},"loc":{"start":{"line":17,"column":26},"end":{"line":25,"column":9}},"line":17},"2":{"name":"(anonymous_2)","decl":{"start":{"line":29,"column":16},"end":{"line":29,"column":17}},"loc":{"start":{"line":29,"column":42},"end":{"line":42,"column":1}},"line":29}},"branchMap":{"0":{"loc":{"start":{"line":10,"column":4},"end":{"line":14,"column":5}},"type":"if","locations":[{"start":{"line":10,"column":4},"end":{"line":14,"column":5}},{"start":{},"end":{}}],"line":10},"1":{"loc":{"start":{"line":18,"column":12},"end":{"line":22,"column":13}},"type":"if","locations":[{"start":{"line":18,"column":12},"end":{"line":22,"column":13}},{"start":{},"end":{}}],"line":18},"2":{"loc":{"start":{"line":34,"column":4},"end":{"line":41,"column":5}},"type":"if","locations":[{"start":{"line":34,"column":4},"end":{"line":41,"column":5}},{"start":{"line":36,"column":11},"end":{"line":41,"column":5}}],"line":34},"3":{"loc":{"start":{"line":34,"column":8},"end":{"line":34,"column":58}},"type":"binary-expr","locations":[{"start":{"line":34,"column":8},"end":{"line":34,"column":12}},{"start":{"line":34,"column":16},"end":{"line":34,"column":58}}],"line":34}},"s":{"0":3,"1":3,"2":3,"3":3,"4":3,"5":7,"6":7,"7":0,"8":7,"9":7,"10":0,"11":7,"12":7,"13":3,"14":3,"15":3,"16":3,"17":0,"18":0,"19":3},"f":{"0":7,"1":7,"2":3},"b":{"0":[0,7],"1":[0,7],"2":[3,0],"3":[3,3]},"_coverageSchema":"1a1c01bbd47fc00a2c39e90264f33305004495a9","hash":"a5f5fd86c3721b249caaa7c641ac54e9fe4482be"}
,"C:\\Users\\sonil\\Anshul\\Relevel\\crm-app\\crm-app\\16. Testing CRM App 3(7th Jan 2023)\\models\\ticket.model.js": {"path":"C:\\Users\\sonil\\Anshul\\Relevel\\crm-app\\crm-app\\16. Testing CRM App 3(7th Jan 2023)\\models\\ticket.model.js","statementMap":{"0":{"start":{"line":1,"column":17},"end":{"line":1,"column":36}},"1":{"start":{"line":2,"column":25},"end":{"line":2,"column":54}},"2":{"start":{"line":4,"column":21},"end":{"line":38,"column":2}},"3":{"start":{"line":32,"column":23},"end":{"line":32,"column":33}},"4":{"start":{"line":36,"column":23},"end":{"line":36,"column":33}},"5":{"start":{"line":40,"column":0},"end":{"line":40,"column":55}}},"fnMap":{"0":{"name":"(anonymous_0)","decl":{"start":{"line":32,"column":17},"end":{"line":32,"column":18}},"loc":{"start":{"line":32,"column":23},"end":{"line":32,"column":33}},"line":32},"1":{"name":"(anonymous_1)","decl":{"start":{"line":36,"column":17},"end":{"line":36,"column":18}},"loc":{"start":{"line":36,"column":23},"end":{"line":36,"column":33}},"line":36}},"branchMap":{},"s":{"0":4,"1":4,"2":4,"3":1,"4":1,"5":4},"f":{"0":1,"1":1},"b":{},"_coverageSchema":"1a1c01bbd47fc00a2c39e90264f33305004495a9","hash":"a6fd159fd72400fde2a51aa3f6ada7347c7f40e7"}
,"C:\\Users\\sonil\\Anshul\\Relevel\\crm-app\\crm-app\\16. Testing CRM App 3(7th Jan 2023)\\models\\user.model.js": {"path":"C:\\Users\\sonil\\Anshul\\Relevel\\crm-app\\crm-app\\16. Testing CRM App 3(7th Jan 2023)\\models\\user.model.js","statementMap":{"0":{"start":{"line":1,"column":17},"end":{"line":1,"column":36}},"1":{"start":{"line":3,"column":19},"end":{"line":51,"column":2}},"2":{"start":{"line":27,"column":23},"end":{"line":27,"column":33}},"3":{"start":{"line":31,"column":23},"end":{"line":31,"column":33}},"4":{"start":{"line":53,"column":0},"end":{"line":53,"column":51}}},"fnMap":{"0":{"name":"(anonymous_0)","decl":{"start":{"line":27,"column":17},"end":{"line":27,"column":18}},"loc":{"start":{"line":27,"column":23},"end":{"line":27,"column":33}},"line":27},"1":{"name":"(anonymous_1)","decl":{"start":{"line":31,"column":17},"end":{"line":31,"column":18}},"loc":{"start":{"line":31,"column":23},"end":{"line":31,"column":33}},"line":31}},"branchMap":{},"s":{"0":6,"1":6,"2":7,"3":7,"4":6},"f":{"0":7,"1":7},"b":{},"_coverageSchema":"1a1c01bbd47fc00a2c39e90264f33305004495a9","hash":"f1698fa97fe722b86ae465ca8feebdcd69aac49f"}
,"C:\\Users\\sonil\\Anshul\\Relevel\\crm-app\\crm-app\\16. Testing CRM App 3(7th Jan 2023)\\routes\\auth.routes.js": {"path":"C:\\Users\\sonil\\Anshul\\Relevel\\crm-app\\crm-app\\16. Testing CRM App 3(7th Jan 2023)\\routes\\auth.routes.js","statementMap":{"0":{"start":{"line":1,"column":23},"end":{"line":1,"column":64}},"1":{"start":{"line":3,"column":0},"end":{"line":9,"column":1}},"2":{"start":{"line":5,"column":4},"end":{"line":5,"column":59}},"3":{"start":{"line":7,"column":4},"end":{"line":7,"column":59}}},"fnMap":{"0":{"name":"(anonymous_0)","decl":{"start":{"line":3,"column":17},"end":{"line":3,"column":18}},"loc":{"start":{"line":3,"column":32},"end":{"line":9,"column":1}},"line":3}},"branchMap":{},"s":{"0":3,"1":3,"2":3,"3":3},"f":{"0":3},"b":{},"_coverageSchema":"1a1c01bbd47fc00a2c39e90264f33305004495a9","hash":"26449241b20ff42481218fb68f3650785fcb5370"}
,"C:\\Users\\sonil\\Anshul\\Relevel\\crm-app\\crm-app\\16. Testing CRM App 3(7th Jan 2023)\\routes\\ticket.routes.js": {"path":"C:\\Users\\sonil\\Anshul\\Relevel\\crm-app\\crm-app\\16. Testing CRM App 3(7th Jan 2023)\\routes\\ticket.routes.js","statementMap":{"0":{"start":{"line":1,"column":25},"end":{"line":1,"column":68}},"1":{"start":{"line":2,"column":16},"end":{"line":2,"column":49}},"2":{"start":{"line":4,"column":0},"end":{"line":17,"column":1}},"3":{"start":{"line":5,"column":4},"end":{"line":7,"column":38}},"4":{"start":{"line":8,"column":4},"end":{"line":10,"column":38}},"5":{"start":{"line":11,"column":4},"end":{"line":13,"column":39}},"6":{"start":{"line":14,"column":4},"end":{"line":16,"column":38}}},"fnMap":{"0":{"name":"(anonymous_0)","decl":{"start":{"line":4,"column":17},"end":{"line":4,"column":18}},"loc":{"start":{"line":4,"column":32},"end":{"line":17,"column":1}},"line":4}},"branchMap":{},"s":{"0":3,"1":3,"2":3,"3":3,"4":3,"5":3,"6":3},"f":{"0":3},"b":{},"_coverageSchema":"1a1c01bbd47fc00a2c39e90264f33305004495a9","hash":"745e48ab384ac84117e8fbd3e994fe04c6474e68"}
,"C:\\Users\\sonil\\Anshul\\Relevel\\crm-app\\crm-app\\16. Testing CRM App 3(7th Jan 2023)\\routes\\user.routes.js": {"path":"C:\\Users\\sonil\\Anshul\\Relevel\\crm-app\\crm-app\\16. Testing CRM App 3(7th Jan 2023)\\routes\\user.routes.js","statementMap":{"0":{"start":{"line":1,"column":16},"end":{"line":1,"column":49}},"1":{"start":{"line":2,"column":23},"end":{"line":2,"column":64}},"2":{"start":{"line":4,"column":0},"end":{"line":16,"column":1}},"3":{"start":{"line":5,"column":4},"end":{"line":7,"column":31}},"4":{"start":{"line":8,"column":4},"end":{"line":11,"column":5}},"5":{"start":{"line":12,"column":4},"end":{"line":15,"column":5}}},"fnMap":{"0":{"name":"(anonymous_0)","decl":{"start":{"line":4,"column":17},"end":{"line":4,"column":18}},"loc":{"start":{"line":4,"column":32},"end":{"line":16,"column":1}},"line":4}},"branchMap":{},"s":{"0":3,"1":3,"2":3,"3":3,"4":3,"5":3},"f":{"0":3},"b":{},"_coverageSchema":"1a1c01bbd47fc00a2c39e90264f33305004495a9","hash":"080cd52811f13b052293a69b87583ee170e24435"}
,"C:\\Users\\sonil\\Anshul\\Relevel\\crm-app\\crm-app\\16. Testing CRM App 3(7th Jan 2023)\\tests\\db.js": {"path":"C:\\Users\\sonil\\Anshul\\Relevel\\crm-app\\crm-app\\16. Testing CRM App 3(7th Jan 2023)\\tests\\db.js","statementMap":{"0":{"start":{"line":1,"column":30},"end":{"line":1,"column":62}},"1":{"start":{"line":2,"column":17},"end":{"line":2,"column":36}},"2":{"start":{"line":6,"column":0},"end":{"line":16,"column":1}},"3":{"start":{"line":7,"column":4},"end":{"line":15,"column":5}},"4":{"start":{"line":8,"column":8},"end":{"line":8,"column":49}},"5":{"start":{"line":9,"column":20},"end":{"line":9,"column":35}},"6":{"start":{"line":10,"column":28},"end":{"line":13,"column":9}},"7":{"start":{"line":14,"column":8},"end":{"line":14,"column":48}},"8":{"start":{"line":18,"column":0},"end":{"line":22,"column":1}},"9":{"start":{"line":19,"column":4},"end":{"line":19,"column":44}},"10":{"start":{"line":20,"column":4},"end":{"line":20,"column":37}},"11":{"start":{"line":21,"column":4},"end":{"line":21,"column":35}},"12":{"start":{"line":21,"column":16},"end":{"line":21,"column":35}},"13":{"start":{"line":24,"column":0},"end":{"line":31,"column":1}},"14":{"start":{"line":25,"column":24},"end":{"line":25,"column":61}},"15":{"start":{"line":26,"column":4},"end":{"line":30,"column":5}},"16":{"start":{"line":27,"column":8},"end":{"line":27,"column":25}},"17":{"start":{"line":28,"column":27},"end":{"line":28,"column":44}},"18":{"start":{"line":29,"column":8},"end":{"line":29,"column":37}}},"fnMap":{"0":{"name":"(anonymous_0)","decl":{"start":{"line":6,"column":18},"end":{"line":6,"column":19}},"loc":{"start":{"line":6,"column":30},"end":{"line":16,"column":1}},"line":6},"1":{"name":"(anonymous_1)","decl":{"start":{"line":18,"column":24},"end":{"line":18,"column":25}},"loc":{"start":{"line":18,"column":36},"end":{"line":22,"column":1}},"line":18},"2":{"name":"(anonymous_2)","decl":{"start":{"line":24,"column":24},"end":{"line":24,"column":25}},"loc":{"start":{"line":24,"column":36},"end":{"line":31,"column":1}},"line":24}},"branchMap":{"0":{"loc":{"start":{"line":7,"column":4},"end":{"line":15,"column":5}},"type":"if","locations":[{"start":{"line":7,"column":4},"end":{"line":15,"column":5}},{"start":{},"end":{}}],"line":7},"1":{"loc":{"start":{"line":21,"column":4},"end":{"line":21,"column":35}},"type":"if","locations":[{"start":{"line":21,"column":4},"end":{"line":21,"column":35}},{"start":{},"end":{}}],"line":21}},"s":{"0":4,"1":4,"2":4,"3":1,"4":1,"5":1,"6":1,"7":1,"8":4,"9":4,"10":4,"11":4,"12":1,"13":4,"14":9,"15":9,"16":12,"17":12,"18":12},"f":{"0":1,"1":4,"2":9},"b":{"0":[1,0],"1":[1,3]},"_coverageSchema":"1a1c01bbd47fc00a2c39e90264f33305004495a9","hash":"a671d10852441d5c3d43f4849db5b7e700abda52"}
,"C:\\Users\\sonil\\Anshul\\Relevel\\crm-app\\crm-app\\16. Testing CRM App 3(7th Jan 2023)\\tests\\interceptor.js": {"path":"C:\\Users\\sonil\\Anshul\\Relevel\\crm-app\\crm-app\\16. Testing CRM App 3(7th Jan 2023)\\tests\\interceptor.js","statementMap":{"0":{"start":{"line":1,"column":0},"end":{"line":15,"column":1}},"1":{"start":{"line":3,"column":20},"end":{"line":3,"column":22}},"2":{"start":{"line":4,"column":8},"end":{"line":4,"column":49}},"3":{"start":{"line":5,"column":8},"end":{"line":5,"column":51}},"4":{"start":{"line":6,"column":8},"end":{"line":6,"column":18}},"5":{"start":{"line":9,"column":20},"end":{"line":9,"column":22}},"6":{"start":{"line":10,"column":8},"end":{"line":10,"column":49}},"7":{"start":{"line":11,"column":8},"end":{"line":11,"column":51}},"8":{"start":{"line":12,"column":8},"end":{"line":12,"column":49}},"9":{"start":{"line":13,"column":8},"end":{"line":13,"column":18}}},"fnMap":{"0":{"name":"(anonymous_0)","decl":{"start":{"line":2,"column":17},"end":{"line":2,"column":18}},"loc":{"start":{"line":2,"column":23},"end":{"line":7,"column":5}},"line":2},"1":{"name":"(anonymous_1)","decl":{"start":{"line":8,"column":18},"end":{"line":8,"column":19}},"loc":{"start":{"line":8,"column":24},"end":{"line":14,"column":5}},"line":8}},"branchMap":{},"s":{"0":3,"1":29,"2":29,"3":29,"4":29,"5":29,"6":29,"7":29,"8":29,"9":29},"f":{"0":29,"1":29},"b":{},"_coverageSchema":"1a1c01bbd47fc00a2c39e90264f33305004495a9","hash":"7bccb45a53c444f3a073ab14bb15e3dc6d5d8ace"}
,"C:\\Users\\sonil\\Anshul\\Relevel\\crm-app\\crm-app\\16. Testing CRM App 3(7th Jan 2023)\\utils\\NotificationClient.js": {"path":"C:\\Users\\sonil\\Anshul\\Relevel\\crm-app\\crm-app\\16. Testing CRM App 3(7th Jan 2023)\\utils\\NotificationClient.js","statementMap":{"0":{"start":{"line":1,"column":15},"end":{"line":1,"column":49}},"1":{"start":{"line":3,"column":15},"end":{"line":3,"column":27}},"2":{"start":{"line":5,"column":0},"end":{"line":5,"column":23}},"3":{"start":{"line":6,"column":0},"end":{"line":27,"column":1}},"4":{"start":{"line":7,"column":18},"end":{"line":13,"column":5}},"5":{"start":{"line":15,"column":17},"end":{"line":18,"column":5}},"6":{"start":{"line":20,"column":4},"end":{"line":26,"column":5}},"7":{"start":{"line":23,"column":12},"end":{"line":23,"column":39}},"8":{"start":{"line":24,"column":12},"end":{"line":24,"column":29}}},"fnMap":{"0":{"name":"(anonymous_0)","decl":{"start":{"line":6,"column":20},"end":{"line":6,"column":21}},"loc":{"start":{"line":6,"column":73},"end":{"line":27,"column":1}},"line":6},"1":{"name":"(anonymous_1)","decl":{"start":{"line":22,"column":8},"end":{"line":22,"column":9}},"loc":{"start":{"line":22,"column":28},"end":{"line":25,"column":9}},"line":22}},"branchMap":{},"s":{"0":4,"1":4,"2":4,"3":4,"4":4,"5":4,"6":4,"7":4,"8":4},"f":{"0":4,"1":4},"b":{},"_coverageSchema":"1a1c01bbd47fc00a2c39e90264f33305004495a9","hash":"a2d57b2832c8e937a2f46769dabc75d558ef331a"}
,"C:\\Users\\sonil\\Anshul\\Relevel\\crm-app\\crm-app\\16. Testing CRM App 3(7th Jan 2023)\\utils\\constants.js": {"path":"C:\\Users\\sonil\\Anshul\\Relevel\\crm-app\\crm-app\\16. Testing CRM App 3(7th Jan 2023)\\utils\\constants.js","statementMap":{"0":{"start":{"line":1,"column":0},"end":{"line":18,"column":1}}},"fnMap":{},"branchMap":{},"s":{"0":5},"f":{},"b":{},"_coverageSchema":"1a1c01bbd47fc00a2c39e90264f33305004495a9","hash":"7d5ee5bb87170ecc6cdb6d46e7f7058926c260c0"}
,"C:\\Users\\sonil\\Anshul\\Relevel\\crm-app\\crm-app\\16. Testing CRM App 3(7th Jan 2023)\\utils\\objectConverter.js": {"path":"C:\\Users\\sonil\\Anshul\\Relevel\\crm-app\\crm-app\\16. Testing CRM App 3(7th Jan 2023)\\utils\\objectConverter.js","statementMap":{"0":{"start":{"line":1,"column":0},"end":{"line":13,"column":1}},"1":{"start":{"line":2,"column":22},"end":{"line":2,"column":24}},"2":{"start":{"line":3,"column":4},"end":{"line":11,"column":7}},"3":{"start":{"line":4,"column":8},"end":{"line":10,"column":10}},"4":{"start":{"line":12,"column":4},"end":{"line":12,"column":22}},"5":{"start":{"line":15,"column":0},"end":{"line":27,"column":1}},"6":{"start":{"line":16,"column":4},"end":{"line":26,"column":5}},"7":{"start":{"line":29,"column":0},"end":{"line":34,"column":1}},"8":{"start":{"line":30,"column":23},"end":{"line":30,"column":25}},"9":{"start":{"line":31,"column":4},"end":{"line":32,"column":5}},"10":{"start":{"line":31,"column":32},"end":{"line":31,"column":88}},"11":{"start":{"line":33,"column":4},"end":{"line":33,"column":23}}},"fnMap":{"0":{"name":"(anonymous_0)","decl":{"start":{"line":1,"column":23},"end":{"line":1,"column":24}},"loc":{"start":{"line":1,"column":34},"end":{"line":13,"column":1}},"line":1},"1":{"name":"(anonymous_1)","decl":{"start":{"line":3,"column":18},"end":{"line":3,"column":19}},"loc":{"start":{"line":3,"column":26},"end":{"line":11,"column":5}},"line":3},"2":{"name":"(anonymous_2)","decl":{"start":{"line":15,"column":25},"end":{"line":15,"column":26}},"loc":{"start":{"line":15,"column":37},"end":{"line":27,"column":1}},"line":15},"3":{"name":"(anonymous_3)","decl":{"start":{"line":29,"column":29},"end":{"line":29,"column":30}},"loc":{"start":{"line":29,"column":42},"end":{"line":34,"column":1}},"line":29},"4":{"name":"(anonymous_4)","decl":{"start":{"line":31,"column":20},"end":{"line":31,"column":21}},"loc":{"start":{"line":31,"column":30},"end":{"line":31,"column":90}},"line":31}},"branchMap":{},"s":{"0":5,"1":9,"2":9,"3":9,"4":8,"5":5,"6":9,"7":5,"8":3,"9":3,"10":3,"11":3},"f":{"0":9,"1":9,"2":9,"3":3,"4":3},"b":{},"_coverageSchema":"1a1c01bbd47fc00a2c39e90264f33305004495a9","hash":"96c426762a3deadc82bdbb57896b5e6a4029b3ba"}
}
