{"C:\\Users\\sonil\\Anshul\\Relevel\\crm-app\\crm-app\\16. Testing CRM App 3(7th Jan 2023)\\configs\\auth.config.js": {"path":"C:\\Users\\sonil\\Anshul\\Relevel\\crm-app\\crm-app\\16. Testing CRM App 3(7th Jan 2023)\\configs\\auth.config.js","statementMap":{"0":{"start":{"line":1,"column":0},"end":{"line":3,"column":1}}},"fnMap":{},"branchMap":{},"s":{"0":1},"f":{},"b":{},"_coverageSchema":"1a1c01bbd47fc00a2c39e90264f33305004495a9","hash":"3cc1176309c786baac052e435fa47f33e7d27be6"}
,"C:\\Users\\sonil\\Anshul\\Relevel\\crm-app\\crm-app\\16. Testing CRM App 3(7th Jan 2023)\\controllers\\auth.controller.js": {"path":"C:\\Users\\sonil\\Anshul\\Relevel\\crm-app\\crm-app\\16. Testing CRM App 3(7th Jan 2023)\\controllers\\auth.controller.js","statementMap":{"0":{"start":{"line":1,"column":13},"end":{"line":1,"column":44}},"1":{"start":{"line":2,"column":22},"end":{"line":2,"column":51}},"2":{"start":{"line":3,"column":18},"end":{"line":3,"column":47}},"3":{"start":{"line":4,"column":15},"end":{"line":4,"column":34}},"4":{"start":{"line":5,"column":12},"end":{"line":5,"column":35}},"5":{"start":{"line":6,"column":15},"end":{"line":6,"column":48}},"6":{"start":{"line":9,"column":0},"end":{"line":45,"column":1}},"7":{"start":{"line":12,"column":4},"end":{"line":17,"column":5}},"8":{"start":{"line":14,"column":8},"end":{"line":14,"column":49}},"9":{"start":{"line":16,"column":8},"end":{"line":16,"column":50}},"10":{"start":{"line":19,"column":4},"end":{"line":19,"column":20}},"11":{"start":{"line":20,"column":20},"end":{"line":27,"column":5}},"12":{"start":{"line":29,"column":4},"end":{"line":44,"column":5}},"13":{"start":{"line":30,"column":28},"end":{"line":30,"column":54}},"14":{"start":{"line":31,"column":28},"end":{"line":37,"column":9}},"15":{"start":{"line":38,"column":8},"end":{"line":38,"column":41}},"16":{"start":{"line":40,"column":8},"end":{"line":40,"column":75}},"17":{"start":{"line":41,"column":8},"end":{"line":43,"column":10}},"18":{"start":{"line":47,"column":0},"end":{"line":89,"column":1}},"19":{"start":{"line":48,"column":17},"end":{"line":48,"column":64}},"20":{"start":{"line":49,"column":4},"end":{"line":49,"column":44}},"21":{"start":{"line":51,"column":4},"end":{"line":56,"column":5}},"22":{"start":{"line":52,"column":8},"end":{"line":54,"column":10}},"23":{"start":{"line":55,"column":8},"end":{"line":55,"column":14}},"24":{"start":{"line":58,"column":4},"end":{"line":63,"column":5}},"25":{"start":{"line":59,"column":8},"end":{"line":61,"column":10}},"26":{"start":{"line":62,"column":8},"end":{"line":62,"column":14}},"27":{"start":{"line":65,"column":26},"end":{"line":68,"column":5}},"28":{"start":{"line":70,"column":4},"end":{"line":75,"column":5}},"29":{"start":{"line":71,"column":8},"end":{"line":73,"column":10}},"30":{"start":{"line":74,"column":8},"end":{"line":74,"column":14}},"31":{"start":{"line":77,"column":16},"end":{"line":79,"column":6}},"32":{"start":{"line":81,"column":4},"end":{"line":88,"column":6}}},"fnMap":{"0":{"name":"(anonymous_0)","decl":{"start":{"line":9,"column":17},"end":{"line":9,"column":18}},"loc":{"start":{"line":9,"column":37},"end":{"line":45,"column":1}},"line":9},"1":{"name":"(anonymous_1)","decl":{"start":{"line":47,"column":17},"end":{"line":47,"column":18}},"loc":{"start":{"line":47,"column":37},"end":{"line":89,"column":1}},"line":47}},"branchMap":{"0":{"loc":{"start":{"line":12,"column":4},"end":{"line":17,"column":5}},"type":"if","locations":[{"start":{"line":12,"column":4},"end":{"line":17,"column":5}},{"start":{"line":15,"column":11},"end":{"line":17,"column":5}}],"line":12},"1":{"loc":{"start":{"line":12,"column":8},"end":{"line":13,"column":44}},"type":"binary-expr","locations":[{"start":{"line":12,"column":8},"end":{"line":12,"column":47}},{"start":{"line":13,"column":8},"end":{"line":13,"column":44}}],"line":12},"2":{"loc":{"start":{"line":51,"column":4},"end":{"line":56,"column":5}},"type":"if","locations":[{"start":{"line":51,"column":4},"end":{"line":56,"column":5}},{"start":{},"end":{}}],"line":51},"3":{"loc":{"start":{"line":58,"column":4},"end":{"line":63,"column":5}},"type":"if","locations":[{"start":{"line":58,"column":4},"end":{"line":63,"column":5}},{"start":{},"end":{}}],"line":58},"4":{"loc":{"start":{"line":70,"column":4},"end":{"line":75,"column":5}},"type":"if","locations":[{"start":{"line":70,"column":4},"end":{"line":75,"column":5}},{"start":{},"end":{}}],"line":70}},"s":{"0":1,"1":1,"2":1,"3":1,"4":1,"5":1,"6":1,"7":2,"8":1,"9":1,"10":2,"11":2,"12":2,"13":2,"14":1,"15":1,"16":1,"17":1,"18":1,"19":4,"20":4,"21":4,"22":1,"23":1,"24":3,"25":1,"26":1,"27":2,"28":2,"29":1,"30":1,"31":1,"32":1},"f":{"0":2,"1":4},"b":{"0":[1,1],"1":[2,1],"2":[1,3],"3":[1,2],"4":[1,1]},"_coverageSchema":"1a1c01bbd47fc00a2c39e90264f33305004495a9","hash":"cbf62f6e1754d99f1b555bb099101b1c7f8c9996"}
,"C:\\Users\\sonil\\Anshul\\Relevel\\crm-app\\crm-app\\16. Testing CRM App 3(7th Jan 2023)\\controllers\\user.controller.js": {"path":"C:\\Users\\sonil\\Anshul\\Relevel\\crm-app\\crm-app\\16. Testing CRM App 3(7th Jan 2023)\\controllers\\user.controller.js","statementMap":{"0":{"start":{"line":6,"column":13},"end":{"line":6,"column":44}},"1":{"start":{"line":7,"column":24},"end":{"line":7,"column":59}},"2":{"start":{"line":9,"column":17},"end":{"line":20,"column":1}},"3":{"start":{"line":11,"column":4},"end":{"line":19,"column":5}},"4":{"start":{"line":12,"column":8},"end":{"line":12,"column":33}},"5":{"start":{"line":13,"column":8},"end":{"line":13,"column":20}},"6":{"start":{"line":15,"column":8},"end":{"line":15,"column":53}},"7":{"start":{"line":16,"column":8},"end":{"line":18,"column":10}},"8":{"start":{"line":22,"column":20},"end":{"line":35,"column":1}},"9":{"start":{"line":24,"column":4},"end":{"line":34,"column":5}},"10":{"start":{"line":25,"column":8},"end":{"line":27,"column":11}},"11":{"start":{"line":28,"column":8},"end":{"line":28,"column":20}},"12":{"start":{"line":30,"column":8},"end":{"line":30,"column":82}},"13":{"start":{"line":31,"column":8},"end":{"line":33,"column":10}},"14":{"start":{"line":37,"column":29},"end":{"line":51,"column":1}},"15":{"start":{"line":39,"column":4},"end":{"line":50,"column":5}},"16":{"start":{"line":40,"column":8},"end":{"line":43,"column":11}},"17":{"start":{"line":44,"column":8},"end":{"line":44,"column":20}},"18":{"start":{"line":46,"column":8},"end":{"line":46,"column":117}},"19":{"start":{"line":47,"column":8},"end":{"line":49,"column":10}},"20":{"start":{"line":53,"column":20},"end":{"line":66,"column":1}},"21":{"start":{"line":55,"column":4},"end":{"line":65,"column":5}},"22":{"start":{"line":56,"column":8},"end":{"line":58,"column":11}},"23":{"start":{"line":59,"column":8},"end":{"line":59,"column":20}},"24":{"start":{"line":61,"column":8},"end":{"line":61,"column":84}},"25":{"start":{"line":62,"column":8},"end":{"line":64,"column":10}},"26":{"start":{"line":68,"column":22},"end":{"line":81,"column":1}},"27":{"start":{"line":70,"column":4},"end":{"line":80,"column":5}},"28":{"start":{"line":71,"column":8},"end":{"line":73,"column":11}},"29":{"start":{"line":74,"column":8},"end":{"line":74,"column":20}},"30":{"start":{"line":76,"column":8},"end":{"line":76,"column":88}},"31":{"start":{"line":77,"column":8},"end":{"line":79,"column":10}},"32":{"start":{"line":85,"column":0},"end":{"line":104,"column":1}},"33":{"start":{"line":87,"column":22},"end":{"line":87,"column":40}},"34":{"start":{"line":88,"column":24},"end":{"line":88,"column":44}},"35":{"start":{"line":89,"column":22},"end":{"line":89,"column":36}},"36":{"start":{"line":90,"column":4},"end":{"line":100,"column":5}},"37":{"start":{"line":91,"column":8},"end":{"line":91,"column":51}},"38":{"start":{"line":92,"column":11},"end":{"line":100,"column":5}},"39":{"start":{"line":93,"column":8},"end":{"line":93,"column":75}},"40":{"start":{"line":94,"column":11},"end":{"line":100,"column":5}},"41":{"start":{"line":95,"column":8},"end":{"line":95,"column":51}},"42":{"start":{"line":96,"column":11},"end":{"line":100,"column":5}},"43":{"start":{"line":97,"column":8},"end":{"line":97,"column":55}},"44":{"start":{"line":99,"column":8},"end":{"line":99,"column":35}},"45":{"start":{"line":101,"column":4},"end":{"line":103,"column":5}},"46":{"start":{"line":102,"column":8},"end":{"line":102,"column":65}},"47":{"start":{"line":106,"column":0},"end":{"line":125,"column":1}},"48":{"start":{"line":107,"column":22},"end":{"line":107,"column":39}},"49":{"start":{"line":109,"column":4},"end":{"line":124,"column":5}},"50":{"start":{"line":110,"column":8},"end":{"line":112,"column":10}},"51":{"start":{"line":113,"column":8},"end":{"line":119,"column":9}},"52":{"start":{"line":114,"column":12},"end":{"line":114,"column":68}},"53":{"start":{"line":116,"column":12},"end":{"line":118,"column":14}},"54":{"start":{"line":121,"column":8},"end":{"line":123,"column":10}},"55":{"start":{"line":127,"column":0},"end":{"line":150,"column":1}},"56":{"start":{"line":128,"column":22},"end":{"line":128,"column":39}},"57":{"start":{"line":129,"column":4},"end":{"line":149,"column":5}},"58":{"start":{"line":130,"column":21},"end":{"line":134,"column":17}},"59":{"start":{"line":135,"column":8},"end":{"line":143,"column":9}},"60":{"start":{"line":136,"column":12},"end":{"line":138,"column":14}},"61":{"start":{"line":140,"column":12},"end":{"line":142,"column":14}},"62":{"start":{"line":145,"column":8},"end":{"line":145,"column":67}},"63":{"start":{"line":146,"column":8},"end":{"line":148,"column":10}}},"fnMap":{"0":{"name":"(anonymous_0)","decl":{"start":{"line":9,"column":17},"end":{"line":9,"column":18}},"loc":{"start":{"line":9,"column":32},"end":{"line":20,"column":1}},"line":9},"1":{"name":"(anonymous_1)","decl":{"start":{"line":22,"column":20},"end":{"line":22,"column":21}},"loc":{"start":{"line":22,"column":48},"end":{"line":35,"column":1}},"line":22},"2":{"name":"(anonymous_2)","decl":{"start":{"line":37,"column":29},"end":{"line":37,"column":30}},"loc":{"start":{"line":37,"column":72},"end":{"line":51,"column":1}},"line":37},"3":{"name":"(anonymous_3)","decl":{"start":{"line":53,"column":20},"end":{"line":53,"column":21}},"loc":{"start":{"line":53,"column":48},"end":{"line":66,"column":1}},"line":53},"4":{"name":"(anonymous_4)","decl":{"start":{"line":68,"column":22},"end":{"line":68,"column":23}},"loc":{"start":{"line":68,"column":52},"end":{"line":81,"column":1}},"line":68},"5":{"name":"(anonymous_5)","decl":{"start":{"line":85,"column":18},"end":{"line":85,"column":19}},"loc":{"start":{"line":85,"column":38},"end":{"line":104,"column":1}},"line":85},"6":{"name":"(anonymous_6)","decl":{"start":{"line":106,"column":19},"end":{"line":106,"column":20}},"loc":{"start":{"line":106,"column":39},"end":{"line":125,"column":1}},"line":106},"7":{"name":"(anonymous_7)","decl":{"start":{"line":127,"column":17},"end":{"line":127,"column":18}},"loc":{"start":{"line":127,"column":37},"end":{"line":150,"column":1}},"line":127}},"branchMap":{"0":{"loc":{"start":{"line":90,"column":4},"end":{"line":100,"column":5}},"type":"if","locations":[{"start":{"line":90,"column":4},"end":{"line":100,"column":5}},{"start":{"line":92,"column":11},"end":{"line":100,"column":5}}],"line":90},"1":{"loc":{"start":{"line":92,"column":11},"end":{"line":100,"column":5}},"type":"if","locations":[{"start":{"line":92,"column":11},"end":{"line":100,"column":5}},{"start":{"line":94,"column":11},"end":{"line":100,"column":5}}],"line":92},"2":{"loc":{"start":{"line":92,"column":15},"end":{"line":92,"column":43}},"type":"binary-expr","locations":[{"start":{"line":92,"column":15},"end":{"line":92,"column":26}},{"start":{"line":92,"column":30},"end":{"line":92,"column":43}}],"line":92},"3":{"loc":{"start":{"line":94,"column":11},"end":{"line":100,"column":5}},"type":"if","locations":[{"start":{"line":94,"column":11},"end":{"line":100,"column":5}},{"start":{"line":96,"column":11},"end":{"line":100,"column":5}}],"line":94},"4":{"loc":{"start":{"line":96,"column":11},"end":{"line":100,"column":5}},"type":"if","locations":[{"start":{"line":96,"column":11},"end":{"line":100,"column":5}},{"start":{"line":98,"column":11},"end":{"line":100,"column":5}}],"line":96},"5":{"loc":{"start":{"line":101,"column":4},"end":{"line":103,"column":5}},"type":"if","locations":[{"start":{"line":101,"column":4},"end":{"line":103,"column":5}},{"start":{},"end":{}}],"line":101},"6":{"loc":{"start":{"line":113,"column":8},"end":{"line":119,"column":9}},"type":"if","locations":[{"start":{"line":113,"column":8},"end":{"line":119,"column":9}},{"start":{"line":115,"column":15},"end":{"line":119,"column":9}}],"line":113},"7":{"loc":{"start":{"line":135,"column":8},"end":{"line":143,"column":9}},"type":"if","locations":[{"start":{"line":135,"column":8},"end":{"line":143,"column":9}},{"start":{"line":139,"column":15},"end":{"line":143,"column":9}}],"line":135}},"s":{"0":1,"1":1,"2":1,"3":2,"4":2,"5":1,"6":1,"7":1,"8":1,"9":2,"10":2,"11":1,"12":1,"13":1,"14":1,"15":2,"16":2,"17":1,"18":1,"19":1,"20":1,"21":2,"22":2,"23":1,"24":1,"25":1,"26":1,"27":2,"28":2,"29":1,"30":1,"31":1,"32":1,"33":10,"34":10,"35":10,"36":10,"37":2,"38":8,"39":2,"40":6,"41":2,"42":4,"43":2,"44":2,"45":10,"46":5,"47":1,"48":3,"49":3,"50":3,"51":3,"52":2,"53":1,"54":1,"55":1,"56":3,"57":3,"58":3,"59":2,"60":1,"61":1,"62":1,"63":1},"f":{"0":2,"1":2,"2":2,"3":2,"4":2,"5":10,"6":3,"7":3},"b":{"0":[2,8],"1":[2,6],"2":[8,4],"3":[2,4],"4":[2,2],"5":[5,5],"6":[2,1],"7":[1,1]},"_coverageSchema":"1a1c01bbd47fc00a2c39e90264f33305004495a9","hash":"ca46f8f224833a81eefd905f1ec740561f569839"}
,"C:\\Users\\sonil\\Anshul\\Relevel\\crm-app\\crm-app\\16. Testing CRM App 3(7th Jan 2023)\\models\\user.model.js": {"path":"C:\\Users\\sonil\\Anshul\\Relevel\\crm-app\\crm-app\\16. Testing CRM App 3(7th Jan 2023)\\models\\user.model.js","statementMap":{"0":{"start":{"line":1,"column":17},"end":{"line":1,"column":36}},"1":{"start":{"line":3,"column":19},"end":{"line":51,"column":2}},"2":{"start":{"line":27,"column":23},"end":{"line":27,"column":33}},"3":{"start":{"line":31,"column":23},"end":{"line":31,"column":33}},"4":{"start":{"line":53,"column":0},"end":{"line":53,"column":51}}},"fnMap":{"0":{"name":"(anonymous_0)","decl":{"start":{"line":27,"column":17},"end":{"line":27,"column":18}},"loc":{"start":{"line":27,"column":23},"end":{"line":27,"column":33}},"line":27},"1":{"name":"(anonymous_1)","decl":{"start":{"line":31,"column":17},"end":{"line":31,"column":18}},"loc":{"start":{"line":31,"column":23},"end":{"line":31,"column":33}},"line":31}},"branchMap":{},"s":{"0":2,"1":2,"2":1,"3":1,"4":2},"f":{"0":1,"1":1},"b":{},"_coverageSchema":"1a1c01bbd47fc00a2c39e90264f33305004495a9","hash":"f1698fa97fe722b86ae465ca8feebdcd69aac49f"}
,"C:\\Users\\sonil\\Anshul\\Relevel\\crm-app\\crm-app\\16. Testing CRM App 3(7th Jan 2023)\\tests\\db.js": {"path":"C:\\Users\\sonil\\Anshul\\Relevel\\crm-app\\crm-app\\16. Testing CRM App 3(7th Jan 2023)\\tests\\db.js","statementMap":{"0":{"start":{"line":1,"column":30},"end":{"line":1,"column":62}},"1":{"start":{"line":2,"column":17},"end":{"line":2,"column":36}},"2":{"start":{"line":6,"column":0},"end":{"line":16,"column":1}},"3":{"start":{"line":7,"column":4},"end":{"line":15,"column":5}},"4":{"start":{"line":8,"column":8},"end":{"line":8,"column":49}},"5":{"start":{"line":9,"column":20},"end":{"line":9,"column":35}},"6":{"start":{"line":10,"column":28},"end":{"line":13,"column":9}},"7":{"start":{"line":14,"column":8},"end":{"line":14,"column":48}},"8":{"start":{"line":18,"column":0},"end":{"line":22,"column":1}},"9":{"start":{"line":19,"column":4},"end":{"line":19,"column":44}},"10":{"start":{"line":20,"column":4},"end":{"line":20,"column":37}},"11":{"start":{"line":21,"column":4},"end":{"line":21,"column":35}},"12":{"start":{"line":21,"column":16},"end":{"line":21,"column":35}},"13":{"start":{"line":24,"column":0},"end":{"line":31,"column":1}},"14":{"start":{"line":25,"column":24},"end":{"line":25,"column":61}},"15":{"start":{"line":26,"column":4},"end":{"line":30,"column":5}},"16":{"start":{"line":27,"column":8},"end":{"line":27,"column":25}},"17":{"start":{"line":28,"column":27},"end":{"line":28,"column":44}},"18":{"start":{"line":29,"column":8},"end":{"line":29,"column":37}}},"fnMap":{"0":{"name":"(anonymous_0)","decl":{"start":{"line":6,"column":18},"end":{"line":6,"column":19}},"loc":{"start":{"line":6,"column":30},"end":{"line":16,"column":1}},"line":6},"1":{"name":"(anonymous_1)","decl":{"start":{"line":18,"column":24},"end":{"line":18,"column":25}},"loc":{"start":{"line":18,"column":36},"end":{"line":22,"column":1}},"line":18},"2":{"name":"(anonymous_2)","decl":{"start":{"line":24,"column":24},"end":{"line":24,"column":25}},"loc":{"start":{"line":24,"column":36},"end":{"line":31,"column":1}},"line":24}},"branchMap":{"0":{"loc":{"start":{"line":7,"column":4},"end":{"line":15,"column":5}},"type":"if","locations":[{"start":{"line":7,"column":4},"end":{"line":15,"column":5}},{"start":{},"end":{}}],"line":7},"1":{"loc":{"start":{"line":21,"column":4},"end":{"line":21,"column":35}},"type":"if","locations":[{"start":{"line":21,"column":4},"end":{"line":21,"column":35}},{"start":{},"end":{}}],"line":21}},"s":{"0":1,"1":1,"2":1,"3":1,"4":1,"5":1,"6":1,"7":1,"8":1,"9":1,"10":1,"11":1,"12":1,"13":1,"14":6,"15":6,"16":6,"17":6,"18":6},"f":{"0":1,"1":1,"2":6},"b":{"0":[1,0],"1":[1,0]},"_coverageSchema":"1a1c01bbd47fc00a2c39e90264f33305004495a9","hash":"a671d10852441d5c3d43f4849db5b7e700abda52"}
,"C:\\Users\\sonil\\Anshul\\Relevel\\crm-app\\crm-app\\16. Testing CRM App 3(7th Jan 2023)\\tests\\interceptor.js": {"path":"C:\\Users\\sonil\\Anshul\\Relevel\\crm-app\\crm-app\\16. Testing CRM App 3(7th Jan 2023)\\tests\\interceptor.js","statementMap":{"0":{"start":{"line":1,"column":0},"end":{"line":15,"column":1}},"1":{"start":{"line":3,"column":20},"end":{"line":3,"column":22}},"2":{"start":{"line":4,"column":8},"end":{"line":4,"column":49}},"3":{"start":{"line":5,"column":8},"end":{"line":5,"column":51}},"4":{"start":{"line":6,"column":8},"end":{"line":6,"column":18}},"5":{"start":{"line":9,"column":20},"end":{"line":9,"column":22}},"6":{"start":{"line":10,"column":8},"end":{"line":10,"column":49}},"7":{"start":{"line":11,"column":8},"end":{"line":11,"column":51}},"8":{"start":{"line":12,"column":8},"end":{"line":12,"column":49}},"9":{"start":{"line":13,"column":8},"end":{"line":13,"column":18}}},"fnMap":{"0":{"name":"(anonymous_0)","decl":{"start":{"line":2,"column":17},"end":{"line":2,"column":18}},"loc":{"start":{"line":2,"column":23},"end":{"line":7,"column":5}},"line":2},"1":{"name":"(anonymous_1)","decl":{"start":{"line":8,"column":18},"end":{"line":8,"column":19}},"loc":{"start":{"line":8,"column":24},"end":{"line":14,"column":5}},"line":8}},"branchMap":{},"s":{"0":2,"1":22,"2":22,"3":22,"4":22,"5":22,"6":22,"7":22,"8":22,"9":22},"f":{"0":22,"1":22},"b":{},"_coverageSchema":"1a1c01bbd47fc00a2c39e90264f33305004495a9","hash":"7bccb45a53c444f3a073ab14bb15e3dc6d5d8ace"}
,"C:\\Users\\sonil\\Anshul\\Relevel\\crm-app\\crm-app\\16. Testing CRM App 3(7th Jan 2023)\\utils\\constants.js": {"path":"C:\\Users\\sonil\\Anshul\\Relevel\\crm-app\\crm-app\\16. Testing CRM App 3(7th Jan 2023)\\utils\\constants.js","statementMap":{"0":{"start":{"line":1,"column":0},"end":{"line":18,"column":1}}},"fnMap":{},"branchMap":{},"s":{"0":1},"f":{},"b":{},"_coverageSchema":"1a1c01bbd47fc00a2c39e90264f33305004495a9","hash":"7d5ee5bb87170ecc6cdb6d46e7f7058926c260c0"}
,"C:\\Users\\sonil\\Anshul\\Relevel\\crm-app\\crm-app\\16. Testing CRM App 3(7th Jan 2023)\\utils\\objectConverter.js": {"path":"C:\\Users\\sonil\\Anshul\\Relevel\\crm-app\\crm-app\\16. Testing CRM App 3(7th Jan 2023)\\utils\\objectConverter.js","statementMap":{"0":{"start":{"line":1,"column":0},"end":{"line":13,"column":1}},"1":{"start":{"line":2,"column":22},"end":{"line":2,"column":24}},"2":{"start":{"line":3,"column":4},"end":{"line":11,"column":7}},"3":{"start":{"line":4,"column":8},"end":{"line":10,"column":10}},"4":{"start":{"line":12,"column":4},"end":{"line":12,"column":22}},"5":{"start":{"line":15,"column":0},"end":{"line":27,"column":1}},"6":{"start":{"line":16,"column":4},"end":{"line":26,"column":5}},"7":{"start":{"line":29,"column":0},"end":{"line":34,"column":1}},"8":{"start":{"line":30,"column":23},"end":{"line":30,"column":25}},"9":{"start":{"line":31,"column":4},"end":{"line":32,"column":5}},"10":{"start":{"line":31,"column":32},"end":{"line":31,"column":88}},"11":{"start":{"line":33,"column":4},"end":{"line":33,"column":23}}},"fnMap":{"0":{"name":"(anonymous_0)","decl":{"start":{"line":1,"column":23},"end":{"line":1,"column":24}},"loc":{"start":{"line":1,"column":34},"end":{"line":13,"column":1}},"line":1},"1":{"name":"(anonymous_1)","decl":{"start":{"line":3,"column":18},"end":{"line":3,"column":19}},"loc":{"start":{"line":3,"column":26},"end":{"line":11,"column":5}},"line":3},"2":{"name":"(anonymous_2)","decl":{"start":{"line":15,"column":25},"end":{"line":15,"column":26}},"loc":{"start":{"line":15,"column":37},"end":{"line":27,"column":1}},"line":15},"3":{"name":"(anonymous_3)","decl":{"start":{"line":29,"column":29},"end":{"line":29,"column":30}},"loc":{"start":{"line":29,"column":42},"end":{"line":34,"column":1}},"line":29},"4":{"name":"(anonymous_4)","decl":{"start":{"line":31,"column":20},"end":{"line":31,"column":21}},"loc":{"start":{"line":31,"column":30},"end":{"line":31,"column":90}},"line":31}},"branchMap":{},"s":{"0":1,"1":7,"2":7,"3":6,"4":6,"5":1,"6":0,"7":1,"8":0,"9":0,"10":0,"11":0},"f":{"0":7,"1":6,"2":0,"3":0,"4":0},"b":{},"_coverageSchema":"1a1c01bbd47fc00a2c39e90264f33305004495a9","hash":"96c426762a3deadc82bdbb57896b5e6a4029b3ba"}
}
