TN:
SF:app.js
FN:9,init
FN:36,(anonymous_1)
FN:37,(anonymous_2)
FN:46,(anonymous_3)
FN:48,(anonymous_4)
FNF:5
FNH:3
FNDA:1,init
FNDA:0,(anonymous_1)
FNDA:1,(anonymous_2)
FNDA:0,(anonymous_3)
FNDA:1,(anonymous_4)
DA:1,1
DA:2,1
DA:3,1
DA:4,1
DA:5,1
DA:6,1
DA:7,1
DA:8,1
DA:10,1
DA:12,1
DA:13,0
DA:14,0
DA:17,1
DA:18,1
DA:26,1
DA:28,0
DA:32,1
DA:33,1
DA:35,1
DA:36,1
DA:37,1
DA:38,1
DA:39,1
DA:42,1
DA:43,1
DA:44,1
DA:46,1
DA:48,1
LF:28
LH:25
BRDA:12,0,0,0
BRDA:12,0,1,1
BRF:2
BRH:1
end_of_record
TN:
SF:configs\auth.config.js
FNF:0
FNH:0
DA:1,2
LF:1
LH:1
BRF:0
BRH:0
end_of_record
TN:
SF:configs\db.config.js
FNF:0
FNH:0
DA:1,1
LF:1
LH:1
BRF:0
BRH:0
end_of_record
TN:
SF:controllers\auth.controller.js
FN:9,(anonymous_0)
FN:47,(anonymous_1)
FNF:2
FNH:2
FNDA:3,(anonymous_0)
FNDA:5,(anonymous_1)
DA:1,2
DA:2,2
DA:3,2
DA:4,2
DA:5,2
DA:6,2
DA:9,2
DA:12,3
DA:14,1
DA:16,2
DA:19,3
DA:20,3
DA:29,3
DA:30,3
DA:31,2
DA:38,2
DA:40,1
DA:41,1
DA:47,2
DA:48,5
DA:49,5
DA:51,5
DA:52,1
DA:55,1
DA:58,4
DA:59,1
DA:62,1
DA:65,3
DA:70,3
DA:71,1
DA:74,1
DA:77,2
DA:81,2
LF:33
LH:33
BRDA:12,0,0,1
BRDA:12,0,1,2
BRDA:12,1,0,3
BRDA:12,1,1,2
BRDA:51,2,0,1
BRDA:51,2,1,4
BRDA:58,3,0,1
BRDA:58,3,1,3
BRDA:70,4,0,1
BRDA:70,4,1,2
BRF:10
BRH:10
end_of_record
TN:
SF:controllers\ticket.controller.js
FN:7,(anonymous_0)
FN:53,(anonymous_1)
FN:59,(anonymous_2)
FN:109,(anonymous_3)
FN:138,(anonymous_4)
FNF:5
FNH:5
FNDA:2,(anonymous_0)
FNDA:2,(anonymous_1)
FNDA:2,(anonymous_2)
FNDA:2,(anonymous_3)
FNDA:1,(anonymous_4)
DA:1,2
DA:2,2
DA:3,2
DA:4,2
DA:5,2
DA:7,2
DA:8,2
DA:16,2
DA:21,2
DA:23,2
DA:24,2
DA:26,1
DA:27,1
DA:30,1
DA:31,1
DA:33,1
DA:34,1
DA:36,1
DA:43,1
DA:46,1
DA:47,1
DA:53,2
DA:54,2
DA:59,2
DA:60,2
DA:62,2
DA:66,2
DA:67,1
DA:70,1
DA:73,1
DA:76,1
DA:79,1
DA:82,1
DA:84,1
DA:88,1
DA:92,1
DA:99,1
DA:102,1
DA:103,1
DA:109,2
DA:116,2
DA:118,2
DA:119,2
DA:122,2
DA:124,2
DA:126,2
DA:127,1
DA:129,1
DA:132,2
DA:133,2
DA:138,2
DA:139,1
DA:143,1
LF:53
LH:53
BRDA:26,0,0,1
BRDA:26,0,1,0
BRDA:54,1,0,2
BRDA:54,1,1,1
BRDA:54,1,2,1
BRDA:66,2,0,1
BRDA:66,2,1,1
BRDA:67,3,0,1
BRDA:67,3,1,0
BRDA:70,4,0,1
BRDA:70,4,1,0
BRDA:73,5,0,1
BRDA:73,5,1,0
BRDA:76,6,0,1
BRDA:76,6,1,0
BRDA:79,7,0,1
BRDA:79,7,1,0
BRDA:118,8,0,2
BRDA:118,8,1,0
BRDA:124,9,0,0
BRDA:124,9,1,2
BRDA:126,10,0,1
BRDA:126,10,1,1
BRF:23
BRH:15
end_of_record
TN:
SF:controllers\user.controller.js
FN:9,(anonymous_0)
FN:22,(anonymous_1)
FN:37,(anonymous_2)
FN:53,(anonymous_3)
FN:68,(anonymous_4)
FN:85,(anonymous_5)
FN:106,(anonymous_6)
FN:127,(anonymous_7)
FNF:8
FNH:8
FNDA:2,(anonymous_0)
FNDA:2,(anonymous_1)
FNDA:2,(anonymous_2)
FNDA:2,(anonymous_3)
FNDA:2,(anonymous_4)
FNDA:10,(anonymous_5)
FNDA:3,(anonymous_6)
FNDA:3,(anonymous_7)
DA:6,2
DA:7,2
DA:9,2
DA:11,2
DA:12,2
DA:13,1
DA:15,1
DA:16,1
DA:22,2
DA:24,2
DA:25,2
DA:28,1
DA:30,1
DA:31,1
DA:37,2
DA:39,2
DA:40,2
DA:44,1
DA:46,1
DA:47,1
DA:53,2
DA:55,2
DA:56,2
DA:59,1
DA:61,1
DA:62,1
DA:68,2
DA:70,2
DA:71,2
DA:74,1
DA:76,1
DA:77,1
DA:85,2
DA:87,10
DA:88,10
DA:89,10
DA:90,10
DA:91,2
DA:92,8
DA:93,2
DA:94,6
DA:95,2
DA:96,4
DA:97,2
DA:99,2
DA:101,10
DA:102,5
DA:106,2
DA:107,3
DA:109,3
DA:110,3
DA:113,3
DA:114,2
DA:116,1
DA:121,1
DA:127,2
DA:128,3
DA:129,3
DA:130,3
DA:135,2
DA:136,1
DA:140,1
DA:145,1
DA:146,1
LF:64
LH:64
BRDA:90,0,0,2
BRDA:90,0,1,8
BRDA:92,1,0,2
BRDA:92,1,1,6
BRDA:92,2,0,8
BRDA:92,2,1,4
BRDA:94,3,0,2
BRDA:94,3,1,4
BRDA:96,4,0,2
BRDA:96,4,1,2
BRDA:101,5,0,5
BRDA:101,5,1,5
BRDA:113,6,0,2
BRDA:113,6,1,1
BRDA:135,7,0,1
BRDA:135,7,1,1
BRF:16
BRH:16
end_of_record
TN:
SF:middlewares\authjwt.js
FN:6,(anonymous_0)
FN:17,(anonymous_1)
FN:29,(anonymous_2)
FNF:3
FNH:0
FNDA:0,(anonymous_0)
FNDA:0,(anonymous_1)
FNDA:0,(anonymous_2)
DA:1,1
DA:2,1
DA:3,1
DA:4,1
DA:6,1
DA:8,0
DA:10,0
DA:11,0
DA:16,0
DA:18,0
DA:19,0
DA:23,0
DA:24,0
DA:29,1
DA:30,0
DA:34,0
DA:35,0
DA:37,0
DA:40,0
DA:44,1
LF:20
LH:7
BRDA:10,0,0,0
BRDA:10,0,1,0
BRDA:18,1,0,0
BRDA:18,1,1,0
BRDA:34,2,0,0
BRDA:34,2,1,0
BRDA:34,3,0,0
BRDA:34,3,1,0
BRF:8
BRH:0
end_of_record
TN:
SF:models\ticket.model.js
FN:32,(anonymous_0)
FN:36,(anonymous_1)
FNF:2
FNH:0
FNDA:0,(anonymous_0)
FNDA:0,(anonymous_1)
DA:1,2
DA:2,2
DA:4,2
DA:32,0
DA:36,0
DA:40,2
LF:6
LH:4
BRF:0
BRH:0
end_of_record
TN:
SF:models\user.model.js
FN:27,(anonymous_0)
FN:31,(anonymous_1)
FNF:2
FNH:2
FNDA:3,(anonymous_0)
FNDA:3,(anonymous_1)
DA:1,4
DA:3,4
DA:27,3
DA:31,3
DA:53,4
LF:5
LH:5
BRF:0
BRH:0
end_of_record
TN:
SF:routes\auth.routes.js
FN:3,(anonymous_0)
FNF:1
FNH:1
FNDA:1,(anonymous_0)
DA:1,1
DA:3,1
DA:5,1
DA:7,1
LF:4
LH:4
BRF:0
BRH:0
end_of_record
TN:
SF:routes\ticket.routes.js
FN:4,(anonymous_0)
FNF:1
FNH:1
FNDA:1,(anonymous_0)
DA:1,1
DA:2,1
DA:4,1
DA:5,1
DA:8,1
DA:11,1
DA:14,1
LF:7
LH:7
BRF:0
BRH:0
end_of_record
TN:
SF:routes\user.routes.js
FN:4,(anonymous_0)
FNF:1
FNH:1
FNDA:1,(anonymous_0)
DA:1,1
DA:2,1
DA:4,1
DA:5,1
DA:8,1
DA:12,1
LF:6
LH:6
BRF:0
BRH:0
end_of_record
TN:
SF:tests\db.js
FN:6,(anonymous_0)
FN:18,(anonymous_1)
FN:24,(anonymous_2)
FNF:3
FNH:3
FNDA:1,(anonymous_0)
FNDA:2,(anonymous_1)
FNDA:6,(anonymous_2)
DA:1,2
DA:2,2
DA:6,2
DA:7,1
DA:8,1
DA:9,1
DA:10,1
DA:14,1
DA:18,2
DA:19,2
DA:20,2
DA:21,2
DA:24,2
DA:25,6
DA:26,6
DA:27,6
DA:28,6
DA:29,6
LF:18
LH:18
BRDA:7,0,0,1
BRDA:7,0,1,0
BRDA:21,1,0,1
BRDA:21,1,1,1
BRF:4
BRH:3
end_of_record
TN:
SF:tests\interceptor.js
FN:2,(anonymous_0)
FN:8,(anonymous_1)
FNF:2
FNH:2
FNDA:29,(anonymous_0)
FNDA:29,(anonymous_1)
DA:1,3
DA:3,29
DA:4,29
DA:5,29
DA:6,29
DA:9,29
DA:10,29
DA:11,29
DA:12,29
DA:13,29
LF:10
LH:10
BRF:0
BRH:0
end_of_record
TN:
SF:utils\NotificationClient.js
FN:6,(anonymous_0)
FN:22,(anonymous_1)
FNF:2
FNH:2
FNDA:2,(anonymous_0)
FNDA:2,(anonymous_1)
DA:1,2
DA:3,2
DA:5,2
DA:6,2
DA:7,2
DA:15,2
DA:20,2
DA:23,2
DA:24,2
LF:9
LH:9
BRF:0
BRH:0
end_of_record
TN:
SF:utils\constants.js
FNF:0
FNH:0
DA:1,3
LF:1
LH:1
BRF:0
BRH:0
end_of_record
TN:
SF:utils\objectConverter.js
FN:1,(anonymous_0)
FN:3,(anonymous_1)
FN:15,(anonymous_2)
FN:29,(anonymous_3)
FN:31,(anonymous_4)
FNF:5
FNH:5
FNDA:7,(anonymous_0)
FNDA:6,(anonymous_1)
FNDA:5,(anonymous_2)
FNDA:2,(anonymous_3)
FNDA:2,(anonymous_4)
DA:1,3
DA:2,7
DA:3,7
DA:4,6
DA:12,6
DA:15,3
DA:16,5
DA:29,3
DA:30,2
DA:31,2
DA:33,2
LF:11
LH:11
BRF:0
BRH:0
end_of_record
